CCS PCH C Compiler, Version 5.076, 56587               13-ago.-22 15:01

               Filename:   F:\ProyectoMaquinas\ProyectoMaquinasDigitales\main.lst

               ROM used:   2028 bytes (6%)
                           Largest free fragment is 30736
               RAM used:   43 (2%) at main() level
                           72 (4%) worst case
               Stack used: 13 locations (6 in main + 7 for interrupts)
               Stack size: 31

*
0000:  GOTO   06A6
*
0008:  MOVWF  04
000A:  MOVFF  FD8,05
000E:  MOVFF  FE0,06
0012:  MOVLB  0
0014:  MOVFF  FE9,0C
0018:  MOVFF  FEA,07
001C:  MOVFF  FE1,08
0020:  MOVFF  FE2,09
0024:  MOVFF  FD9,0A
0028:  MOVFF  FDA,0B
002C:  MOVFF  FF3,12
0030:  MOVFF  FF4,13
0034:  MOVFF  FFA,14
0038:  MOVFF  FF5,15
003C:  MOVFF  FF6,16
0040:  MOVFF  FF7,17
0044:  MOVFF  00,0E
0048:  MOVFF  01,0F
004C:  MOVFF  02,10
0050:  MOVFF  03,11
0054:  BTFSS  FF2.4
0056:  GOTO   0060
005A:  BTFSC  FF2.1
005C:  GOTO   0286
0060:  MOVFF  0E,00
0064:  MOVFF  0F,01
0068:  MOVFF  10,02
006C:  MOVFF  11,03
0070:  MOVFF  0C,FE9
0074:  MOVFF  07,FEA
0078:  BSF    07.7
007A:  MOVFF  08,FE1
007E:  MOVFF  09,FE2
0082:  MOVFF  0A,FD9
0086:  MOVFF  0B,FDA
008A:  MOVFF  12,FF3
008E:  MOVFF  13,FF4
0092:  MOVFF  14,FFA
0096:  MOVFF  15,FF5
009A:  MOVFF  16,FF6
009E:  MOVFF  17,FF7
00A2:  MOVF   04,W
00A4:  MOVFF  06,FE0
00A8:  MOVFF  05,FD8
00AC:  RETFIE 0
.................... #include <main.h> 
.................... #include <18F4550.h> 
.................... //////////// Standard Header file for the PIC18F4550 device //////////////// 
.................... /////////////////////////////////////////////////////////////////////////// 
.................... ////        (C) Copyright 1996, 2014 Custom Computer Services          //// 
.................... //// This source code may only be used by licensed users of the CCS C  //// 
.................... //// compiler.  This source code may only be distributed to other      //// 
.................... //// licensed users of the CCS C compiler.  No other use, reproduction //// 
.................... //// or distribution is permitted without written permission.          //// 
.................... //// Derivative programs created using this software in object code    //// 
.................... //// form are not restricted in any way.                               //// 
.................... /////////////////////////////////////////////////////////////////////////// 
.................... #device PIC18F4550 
*
0266:  TBLRD*+
0268:  MOVF   FF5,F
026A:  BZ    0284
026C:  MOVFF  FF6,3B
0270:  MOVFF  FF7,3C
0274:  MOVFF  FF5,3D
0278:  RCALL  0216
027A:  MOVFF  3B,FF6
027E:  MOVFF  3C,FF7
0282:  BRA    0266
0284:  RETURN 0
*
02A0:  DATA 45,4D
02A2:  DATA 45,52
02A4:  DATA 47,45
02A6:  DATA 4E,43
02A8:  DATA 49,41
02AA:  DATA 20,0C
02AC:  DATA 00,00
02AE:  DATA 73,75
02B0:  DATA 62,69
02B2:  DATA 65,6E
02B4:  DATA 64,6F
02B6:  DATA 00,00
02B8:  DATA 62,61
02BA:  DATA 6A,61
02BC:  DATA 6E,64
02BE:  DATA 6F,00
02C0:  DATA 50,69
02C2:  DATA 73,6F
02C4:  DATA 20,25
02C6:  DATA 69,00
02C8:  DATA 50,69
02CA:  DATA 73,6F
02CC:  DATA 20,25
02CE:  DATA 69,00
02D0:  DATA 70,69
02D2:  DATA 73,6F
02D4:  DATA 20,25
02D6:  DATA 69,00
*
039C:  TBLRD*+
039E:  MOVFF  FF6,2B
03A2:  MOVFF  FF7,2C
03A6:  CLRF   19
03A8:  BTFSC  FF2.7
03AA:  BSF    19.7
03AC:  BCF    FF2.7
03AE:  MOVFF  FF5,3D
03B2:  RCALL  0216
03B4:  BTFSC  19.7
03B6:  BSF    FF2.7
03B8:  MOVFF  2B,FF6
03BC:  MOVFF  2C,FF7
03C0:  DECFSZ 2A,F
03C2:  BRA    039C
03C4:  RETURN 0
03C6:  MOVF   31,W
03C8:  CLRF   01
03CA:  SUBWF  30,W
03CC:  BC    03D4
03CE:  MOVFF  30,00
03D2:  BRA    03EC
03D4:  CLRF   00
03D6:  MOVLW  08
03D8:  MOVWF  32
03DA:  RLCF   30,F
03DC:  RLCF   00,F
03DE:  MOVF   31,W
03E0:  SUBWF  00,W
03E2:  BTFSC  FD8.0
03E4:  MOVWF  00
03E6:  RLCF   01,F
03E8:  DECFSZ 32,F
03EA:  BRA    03DA
03EC:  RETURN 0
03EE:  MOVLW  20
03F0:  BTFSS  2B.4
03F2:  MOVLW  30
03F4:  MOVWF  2C
03F6:  MOVFF  2A,00
03FA:  BTFSS  2A.7
03FC:  BRA    040E
03FE:  COMF   00,F
0400:  INCF   00,F
0402:  MOVFF  00,2A
0406:  MOVLW  2D
0408:  MOVWF  2C
040A:  BSF    2B.7
040C:  BSF    2B.0
040E:  MOVF   01,W
0410:  MOVFF  2A,30
0414:  MOVLW  64
0416:  MOVWF  31
0418:  RCALL  03C6
041A:  MOVFF  00,2A
041E:  MOVLW  30
0420:  ADDWF  01,W
0422:  MOVWF  2D
0424:  MOVFF  2A,30
0428:  MOVLW  0A
042A:  MOVWF  31
042C:  RCALL  03C6
042E:  MOVLW  30
0430:  ADDWF  00,W
0432:  MOVWF  2F
0434:  MOVLW  30
0436:  ADDWF  01,W
0438:  MOVWF  2E
043A:  MOVFF  2C,00
043E:  MOVLW  30
0440:  SUBWF  2D,W
0442:  BZ    044C
0444:  BSF    2B.1
0446:  BTFSC  2B.7
0448:  BSF    2B.2
044A:  BRA    0470
044C:  MOVFF  2C,2D
0450:  MOVLW  20
0452:  MOVWF  2C
0454:  MOVLW  30
0456:  SUBWF  2E,W
0458:  BZ    0462
045A:  BSF    2B.0
045C:  BTFSC  2B.7
045E:  BSF    2B.1
0460:  BRA    0470
0462:  BTFSS  FD8.2
0464:  BSF    2B.0
0466:  BNZ   0470
0468:  MOVFF  2D,2E
046C:  MOVLW  20
046E:  MOVWF  2D
0470:  BTFSC  2B.2
0472:  BRA    047E
0474:  BTFSC  2B.1
0476:  BRA    0490
0478:  BTFSC  2B.0
047A:  BRA    04A2
047C:  BRA    04B4
047E:  CLRF   19
0480:  BTFSC  FF2.7
0482:  BSF    19.7
0484:  BCF    FF2.7
0486:  MOVFF  2C,3D
048A:  RCALL  0216
048C:  BTFSC  19.7
048E:  BSF    FF2.7
0490:  CLRF   19
0492:  BTFSC  FF2.7
0494:  BSF    19.7
0496:  BCF    FF2.7
0498:  MOVFF  2D,3D
049C:  RCALL  0216
049E:  BTFSC  19.7
04A0:  BSF    FF2.7
04A2:  CLRF   19
04A4:  BTFSC  FF2.7
04A6:  BSF    19.7
04A8:  BCF    FF2.7
04AA:  MOVFF  2E,3D
04AE:  RCALL  0216
04B0:  BTFSC  19.7
04B2:  BSF    FF2.7
04B4:  CLRF   19
04B6:  BTFSC  FF2.7
04B8:  BSF    19.7
04BA:  BCF    FF2.7
04BC:  MOVFF  2F,3D
04C0:  RCALL  0216
04C2:  BTFSC  19.7
04C4:  BSF    FF2.7
04C6:  RETURN 0
04C8:  CLRF   33
04CA:  CLRF   34
04CC:  MOVLW  01
04CE:  MOVWF  35
04D0:  CLRF   FDA
04D2:  CLRF   FD9
04D4:  CLRF   38
04D6:  MOVLW  2B
04D8:  MOVWF  37
04DA:  CLRF   FEA
04DC:  MOVLW  2F
04DE:  MOVWF  FE9
04E0:  MOVFF  38,FE2
04E4:  MOVFF  37,FE1
04E8:  MOVFF  35,36
04EC:  BCF    FD8.0
04EE:  MOVF   FE5,W
04F0:  MULWF  FEE
04F2:  MOVF   FF3,W
04F4:  ADDWFC 33,F
04F6:  MOVF   FF4,W
04F8:  ADDWFC 34,F
04FA:  DECFSZ 36,F
04FC:  BRA    04EC
04FE:  MOVFF  33,FDE
0502:  MOVFF  34,33
0506:  CLRF   34
0508:  BTFSC  FD8.0
050A:  INCF   34,F
050C:  INCF   37,F
050E:  BTFSC  FD8.2
0510:  INCF   38,F
0512:  INCF   35,F
0514:  MOVF   35,W
0516:  SUBLW  05
0518:  BNZ   04DA
051A:  RETURN 0
....................  
.................... #list 
....................  
.................... #device ADC=10 
....................  
.................... #FUSES NOWDT                 	//No Watch Dog Timer 
....................  
.................... #use delay(internal=4MHz) 
....................  
....................  
.................... #include <18F4550.h> 
.................... //////////// Standard Header file for the PIC18F4550 device //////////////// 
.................... /////////////////////////////////////////////////////////////////////////// 
.................... ////        (C) Copyright 1996, 2014 Custom Computer Services          //// 
.................... //// This source code may only be used by licensed users of the CCS C  //// 
.................... //// compiler.  This source code may only be distributed to other      //// 
.................... //// licensed users of the CCS C compiler.  No other use, reproduction //// 
.................... //// or distribution is permitted without written permission.          //// 
.................... //// Derivative programs created using this software in object code    //// 
.................... //// form are not restricted in any way.                               //// 
.................... /////////////////////////////////////////////////////////////////////////// 
.................... #device PIC18F4550 
....................  
.................... #list 
....................  
.................... #Fuses xt,nowdt,noprotect,cpudiv1 
.................... #Use Delay (Clock= 4 MHz) 
*
01EE:  CLRF   FEA
01F0:  MOVLW  3E
01F2:  MOVWF  FE9
01F4:  MOVF   FEF,W
01F6:  BZ    0214
01F8:  MOVLW  01
01FA:  MOVWF  01
01FC:  CLRF   00
01FE:  DECFSZ 00,F
0200:  BRA    01FE
0202:  DECFSZ 01,F
0204:  BRA    01FC
0206:  MOVLW  4A
0208:  MOVWF  00
020A:  DECFSZ 00,F
020C:  BRA    020A
020E:  BRA    0210
0210:  DECFSZ FEF,F
0212:  BRA    01F8
0214:  RETURN 0
.................... #define LCD_ENABLE_PIN PIN_D2 
.................... #define LCD_RS_PIN PIN_D0 
.................... #define LCD_RW_PIN PIN_D1 
.................... #define LCD_DATA4 PIN_D4 
.................... #define LCD_DATA5 PIN_D5 
.................... #define LCD_DATA6 PIN_D6 
.................... #define LCD_DATA7 PIN_D7 
.................... #include <lcd.c> 
.................... /////////////////////////////////////////////////////////////////////////////// 
.................... ////                             LCD.C                                     //// 
.................... ////                 Driver for common LCD modules                         //// 
.................... ////                                                                       //// 
.................... ////  lcd_init()   Must be called before any other function.               //// 
.................... ////                                                                       //// 
.................... ////  lcd_putc(c)  Will display c on the next position of the LCD.         //// 
.................... ////                 \a  Set cursor position to upper left                 //// 
.................... ////                 \f  Clear display, set cursor to upper left           //// 
.................... ////                 \n  Go to start of second line                        //// 
.................... ////                 \b  Move back one position                            //// 
.................... ////              If LCD_EXTENDED_NEWLINE is defined, the \n character     //// 
.................... ////              will erase all remanining characters on the current      //// 
.................... ////              line, and move the cursor to the beginning of the next   //// 
.................... ////              line.                                                    //// 
.................... ////              If LCD_EXTENDED_NEWLINE is defined, the \r character     //// 
.................... ////              will move the cursor to the start of the current         //// 
.................... ////              line.                                                    //// 
.................... ////                                                                       //// 
.................... ////  lcd_gotoxy(x,y) Set write position on LCD (upper left is 1,1)        //// 
.................... ////                                                                       //// 
.................... ////  lcd_getc(x,y)   Returns character at position x,y on LCD             //// 
.................... ////                                                                       //// 
.................... ////  lcd_cursor_on(int1 on)   Turn the cursor on (on=TRUE) or off         //// 
.................... ////              (on=FALSE).                                              //// 
.................... ////                                                                       //// 
.................... ////  lcd_set_cgram_char(w, *p)   Write a custom character to the CGRAM.   //// 
.................... ////                                                                       //// 
.................... ////                                                                       //// 
.................... ////  CONFIGURATION                                                        //// 
.................... ////  The LCD can be configured in one of two ways: a.) port access or     //// 
.................... ////  b.) pin access.  Port access requires the entire 7 bit interface     //// 
.................... ////  connected to one GPIO port, and the data bits (D4:D7 of the LCD)     //// 
.................... ////  connected to sequential pins on the GPIO.  Pin access                //// 
.................... ////  has no requirements, all 7 bits of the control interface can         //// 
.................... ////  can be connected to any GPIO using several ports.                    //// 
.................... ////                                                                       //// 
.................... ////  To use port access, #define LCD_DATA_PORT to the SFR location of     //// 
.................... ////  of the GPIO port that holds the interface, -AND- edit LCD_PIN_MAP    //// 
.................... ////  of this file to configure the pin order.  If you are using a         //// 
.................... ////  baseline PIC (PCB), then LCD_OUTPUT_MAP and LCD_INPUT_MAP also must  //// 
.................... ////  be defined.                                                          //// 
.................... ////                                                                       //// 
.................... ////  Example of port access:                                              //// 
.................... ////     #define LCD_DATA_PORT getenv("SFR:PORTD")                         //// 
.................... ////                                                                       //// 
.................... ////  To use pin access, the following pins must be defined:               //// 
.................... ////     LCD_ENABLE_PIN                                                    //// 
.................... ////     LCD_RS_PIN                                                        //// 
.................... ////     LCD_RW_PIN                                                        //// 
.................... ////     LCD_DATA4                                                         //// 
.................... ////     LCD_DATA5                                                         //// 
.................... ////     LCD_DATA6                                                         //// 
.................... ////     LCD_DATA7                                                         //// 
.................... ////                                                                       //// 
.................... ////  Example of pin access:                                               //// 
.................... ////     #define LCD_ENABLE_PIN  PIN_E0                                    //// 
.................... ////     #define LCD_RS_PIN      PIN_E1                                    //// 
.................... ////     #define LCD_RW_PIN      PIN_E2                                    //// 
.................... ////     #define LCD_DATA4       PIN_D4                                    //// 
.................... ////     #define LCD_DATA5       PIN_D5                                    //// 
.................... ////     #define LCD_DATA6       PIN_D6                                    //// 
.................... ////     #define LCD_DATA7       PIN_D7                                    //// 
.................... ////                                                                       //// 
.................... /////////////////////////////////////////////////////////////////////////////// 
.................... ////        (C) Copyright 1996,2010 Custom Computer Services           //// 
.................... //// This source code may only be used by licensed users of the CCS C  //// 
.................... //// compiler.  This source code may only be distributed to other      //// 
.................... //// licensed users of the CCS C compiler.  No other use, reproduction //// 
.................... //// or distribution is permitted without written permission.          //// 
.................... //// Derivative programs created using this software in object code    //// 
.................... //// form are not restricted in any way.                               //// 
.................... /////////////////////////////////////////////////////////////////////////// 
....................  
.................... #ifndef __LCD_C__ 
.................... #define __LCD_C__ 
....................  
.................... // define the pinout. 
.................... // only required if port access is being used. 
.................... typedef struct   
.................... {                            // This structure is overlayed 
....................    int1 enable;           // on to an I/O port to gain 
....................    int1 rs;               // access to the LCD pins. 
....................    int1 rw;               // The bits are allocated from 
....................    int1 unused;           // low order up.  ENABLE will 
....................    unsigned int     data : 4;         // be LSB pin of that port. 
....................   #if defined(__PCD__)       // The port used will be LCD_DATA_PORT. 
....................    unsigned int    reserved: 8; 
....................   #endif 
.................... } LCD_PIN_MAP; 
....................  
.................... // this is to improve compatability with previous LCD drivers that accepted 
.................... // a define labeled 'use_portb_lcd' that configured the LCD onto port B. 
.................... #if ((defined(use_portb_lcd)) && (use_portb_lcd==TRUE)) 
....................  #define LCD_DATA_PORT getenv("SFR:PORTB") 
.................... #endif 
....................  
.................... #if defined(__PCB__) 
....................    // these definitions only need to be modified for baseline PICs. 
....................    // all other PICs use LCD_PIN_MAP or individual LCD_xxx pin definitions. 
.................... /*                                    EN, RS,   RW,   UNUSED,  DATA  */ 
....................  const LCD_PIN_MAP LCD_OUTPUT_MAP =  {0,  0,    0,    0,       0}; 
....................  const LCD_PIN_MAP LCD_INPUT_MAP =   {0,  0,    0,    0,       0xF}; 
.................... #endif 
....................  
.................... ////////////////////// END CONFIGURATION /////////////////////////////////// 
....................  
.................... #ifndef LCD_ENABLE_PIN 
....................    #define lcd_output_enable(x) lcdlat.enable=x 
....................    #define lcd_enable_tris()   lcdtris.enable=0 
.................... #else 
....................    #define lcd_output_enable(x) output_bit(LCD_ENABLE_PIN, x) 
....................    #define lcd_enable_tris()  output_drive(LCD_ENABLE_PIN) 
.................... #endif 
....................  
.................... #ifndef LCD_RS_PIN 
....................    #define lcd_output_rs(x) lcdlat.rs=x 
....................    #define lcd_rs_tris()   lcdtris.rs=0 
.................... #else 
....................    #define lcd_output_rs(x) output_bit(LCD_RS_PIN, x) 
....................    #define lcd_rs_tris()  output_drive(LCD_RS_PIN) 
.................... #endif 
....................  
.................... #ifndef LCD_RW_PIN 
....................    #define lcd_output_rw(x) lcdlat.rw=x 
....................    #define lcd_rw_tris()   lcdtris.rw=0 
.................... #else 
....................    #define lcd_output_rw(x) output_bit(LCD_RW_PIN, x) 
....................    #define lcd_rw_tris()  output_drive(LCD_RW_PIN) 
.................... #endif 
....................  
.................... // original version of this library incorrectly labeled LCD_DATA0 as LCD_DATA4, 
.................... // LCD_DATA1 as LCD_DATA5, and so on.  this block of code makes the driver 
.................... // compatible with any code written for the original library 
.................... #if (defined(LCD_DATA0) && defined(LCD_DATA1) && defined(LCD_DATA2) && defined(LCD_DATA3) && !defined(LCD_DATA4) && !defined(LCD_DATA5) && !defined(LCD_DATA6) && !defined(LCD_DATA7)) 
....................    #define  LCD_DATA4    LCD_DATA0 
....................    #define  LCD_DATA5    LCD_DATA1 
....................    #define  LCD_DATA6    LCD_DATA2 
....................    #define  LCD_DATA7    LCD_DATA3 
.................... #endif 
....................  
.................... #ifndef LCD_DATA4 
.................... #ifndef LCD_DATA_PORT 
....................    #if defined(__PCB__) 
....................       #define LCD_DATA_PORT      0x06     //portb 
....................       #define set_tris_lcd(x)   set_tris_b(x) 
....................    #else 
....................      #if defined(PIN_D0) 
....................       #define LCD_DATA_PORT      getenv("SFR:PORTD")     //portd 
....................      #else 
....................       #define LCD_DATA_PORT      getenv("SFR:PORTB")     //portb 
....................      #endif 
....................    #endif    
.................... #endif 
....................  
.................... #if defined(__PCB__) 
....................    LCD_PIN_MAP lcd, lcdlat; 
....................    #byte lcd = LCD_DATA_PORT 
....................    #byte lcdlat = LCD_DATA_PORT 
.................... #elif defined(__PCM__) 
....................    LCD_PIN_MAP lcd, lcdlat, lcdtris; 
....................    #byte lcd = LCD_DATA_PORT 
....................    #byte lcdlat = LCD_DATA_PORT 
....................    #byte lcdtris = LCD_DATA_PORT+0x80 
.................... #elif defined(__PCH__) 
....................    LCD_PIN_MAP lcd, lcdlat, lcdtris; 
....................    #byte lcd = LCD_DATA_PORT 
....................    #byte lcdlat = LCD_DATA_PORT+9 
....................    #byte lcdtris = LCD_DATA_PORT+0x12 
.................... #elif defined(__PCD__) 
....................    LCD_PIN_MAP lcd, lcdlat, lcdtris; 
....................    #word lcd = LCD_DATA_PORT 
....................    #word lcdlat = LCD_DATA_PORT+2 
....................    #word lcdtris = LCD_DATA_PORT-0x02 
.................... #endif 
.................... #endif   //LCD_DATA4 not defined 
....................  
.................... #ifndef LCD_TYPE 
....................    #define LCD_TYPE 2           // 0=5x7, 1=5x10, 2=2 lines 
.................... #endif 
....................  
.................... #ifndef LCD_LINE_TWO 
....................    #define LCD_LINE_TWO 0x40    // LCD RAM address for the second line 
.................... #endif 
....................  
.................... #ifndef LCD_LINE_LENGTH 
....................    #define LCD_LINE_LENGTH 20 
.................... #endif 
....................  
.................... unsigned int8 lcd_read_nibble(void); 
....................  
.................... unsigned int8 lcd_read_byte(void) 
.................... { 
....................    unsigned int8 low,high; 
....................  
....................  #if defined(__PCB__) 
....................    set_tris_lcd(LCD_INPUT_MAP); 
....................  #else 
....................   #if (defined(LCD_DATA4) && defined(LCD_DATA5) && defined(LCD_DATA6) && defined(LCD_DATA7)) 
....................    output_float(LCD_DATA4); 
*
0100:  BSF    F95.4
....................    output_float(LCD_DATA5); 
0102:  BSF    F95.5
....................    output_float(LCD_DATA6); 
0104:  BSF    F95.6
....................    output_float(LCD_DATA7); 
0106:  BSF    F95.7
....................   #else 
....................    lcdtris.data = 0xF; 
....................   #endif 
....................  #endif 
....................          
....................    lcd_output_rw(1); 
0108:  BSF    F8C.1
010A:  BCF    F95.1
....................    delay_cycles(1); 
010C:  NOP   
....................    lcd_output_enable(1); 
010E:  BSF    F8C.2
0110:  BCF    F95.2
....................    delay_cycles(1); 
0112:  NOP   
....................    high = lcd_read_nibble(); 
0114:  RCALL  00AE
0116:  MOVFF  01,45
....................        
....................    lcd_output_enable(0); 
011A:  BCF    F8C.2
011C:  BCF    F95.2
....................    delay_cycles(1); 
011E:  NOP   
....................    lcd_output_enable(1); 
0120:  BSF    F8C.2
0122:  BCF    F95.2
....................    delay_us(1); 
0124:  NOP   
....................    low = lcd_read_nibble(); 
0126:  RCALL  00AE
0128:  MOVFF  01,44
....................        
....................    lcd_output_enable(0); 
012C:  BCF    F8C.2
012E:  BCF    F95.2
....................  
....................  #if defined(__PCB__) 
....................    set_tris_lcd(LCD_OUTPUT_MAP); 
....................  #else 
....................   #if (defined(LCD_DATA4) && defined(LCD_DATA5) && defined(LCD_DATA6) && defined(LCD_DATA7)) 
....................    output_drive(LCD_DATA4); 
0130:  BCF    F95.4
....................    output_drive(LCD_DATA5); 
0132:  BCF    F95.5
....................    output_drive(LCD_DATA6); 
0134:  BCF    F95.6
....................    output_drive(LCD_DATA7); 
0136:  BCF    F95.7
....................   #else 
....................    lcdtris.data = 0x0; 
....................   #endif 
....................  #endif 
....................  
....................    return( (high<<4) | low); 
0138:  SWAPF  45,W
013A:  MOVWF  00
013C:  MOVLW  F0
013E:  ANDWF  00,F
0140:  MOVF   00,W
0142:  IORWF  44,W
0144:  MOVWF  01
0146:  RETURN 0
.................... } 
....................  
.................... unsigned int8 lcd_read_nibble(void) 
.................... { 
....................   #if (defined(LCD_DATA4) && defined(LCD_DATA5) && defined(LCD_DATA6) && defined(LCD_DATA7)) 
*
00AE:  CLRF   46
....................    unsigned int8 n = 0x00; 
....................  
....................    /* Read the data port */ 
....................    n |= input(LCD_DATA4); 
00B0:  BSF    F95.4
00B2:  MOVLW  00
00B4:  BTFSC  F83.4
00B6:  MOVLW  01
00B8:  IORWF  46,F
....................    n |= input(LCD_DATA5) << 1; 
00BA:  BSF    F95.5
00BC:  MOVLW  00
00BE:  BTFSC  F83.5
00C0:  MOVLW  01
00C2:  MOVWF  00
00C4:  BCF    FD8.0
00C6:  RLCF   00,F
00C8:  MOVF   00,W
00CA:  IORWF  46,F
....................    n |= input(LCD_DATA6) << 2; 
00CC:  BSF    F95.6
00CE:  MOVLW  00
00D0:  BTFSC  F83.6
00D2:  MOVLW  01
00D4:  MOVWF  00
00D6:  RLCF   00,F
00D8:  RLCF   00,F
00DA:  MOVLW  FC
00DC:  ANDWF  00,F
00DE:  MOVF   00,W
00E0:  IORWF  46,F
....................    n |= input(LCD_DATA7) << 3; 
00E2:  BSF    F95.7
00E4:  MOVLW  00
00E6:  BTFSC  F83.7
00E8:  MOVLW  01
00EA:  MOVWF  00
00EC:  RLCF   00,F
00EE:  RLCF   00,F
00F0:  RLCF   00,F
00F2:  MOVLW  F8
00F4:  ANDWF  00,F
00F6:  MOVF   00,W
00F8:  IORWF  46,F
....................     
....................    return(n); 
00FA:  MOVFF  46,01
....................   #else 
00FE:  RETURN 0
....................    return(lcd.data); 
....................   #endif 
.................... } 
....................  
.................... void lcd_send_nibble(unsigned int8 n) 
.................... { 
....................   #if (defined(LCD_DATA4) && defined(LCD_DATA5) && defined(LCD_DATA6) && defined(LCD_DATA7)) 
....................    /* Write to the data port */ 
....................    output_bit(LCD_DATA4, bit_test(n, 0)); 
*
0148:  BTFSC  45.0
014A:  BRA    0150
014C:  BCF    F8C.4
014E:  BRA    0152
0150:  BSF    F8C.4
0152:  BCF    F95.4
....................    output_bit(LCD_DATA5, bit_test(n, 1)); 
0154:  BTFSC  45.1
0156:  BRA    015C
0158:  BCF    F8C.5
015A:  BRA    015E
015C:  BSF    F8C.5
015E:  BCF    F95.5
....................    output_bit(LCD_DATA6, bit_test(n, 2)); 
0160:  BTFSC  45.2
0162:  BRA    0168
0164:  BCF    F8C.6
0166:  BRA    016A
0168:  BSF    F8C.6
016A:  BCF    F95.6
....................    output_bit(LCD_DATA7, bit_test(n, 3)); 
016C:  BTFSC  45.3
016E:  BRA    0174
0170:  BCF    F8C.7
0172:  BRA    0176
0174:  BSF    F8C.7
0176:  BCF    F95.7
....................   #else       
....................    lcdlat.data = n; 
....................   #endif 
....................        
....................    delay_cycles(1); 
0178:  NOP   
....................    lcd_output_enable(1); 
017A:  BSF    F8C.2
017C:  BCF    F95.2
....................    delay_us(2); 
017E:  BRA    0180
....................    lcd_output_enable(0); 
0180:  BCF    F8C.2
0182:  BCF    F95.2
0184:  RETURN 0
.................... } 
....................  
.................... void lcd_send_byte(unsigned int8 address, unsigned int8 n) 
.................... { 
....................   #if defined(__PCB__) 
....................    set_tris_lcd(LCD_OUTPUT_MAP); 
....................   #else 
....................    lcd_enable_tris(); 
0186:  BCF    F95.2
....................    lcd_rs_tris(); 
0188:  BCF    F95.0
....................    lcd_rw_tris(); 
018A:  BCF    F95.1
....................   #endif 
....................  
....................    lcd_output_rs(0); 
018C:  BCF    F8C.0
018E:  BCF    F95.0
....................    while ( bit_test(lcd_read_byte(),7) ) ; 
0190:  RCALL  0100
0192:  MOVFF  01,44
0196:  BTFSC  01.7
0198:  BRA    0190
....................    lcd_output_rs(address); 
019A:  MOVF   42,F
019C:  BNZ   01A2
019E:  BCF    F8C.0
01A0:  BRA    01A4
01A2:  BSF    F8C.0
01A4:  BCF    F95.0
....................    delay_cycles(1); 
01A6:  NOP   
....................    lcd_output_rw(0); 
01A8:  BCF    F8C.1
01AA:  BCF    F95.1
....................    delay_cycles(1); 
01AC:  NOP   
....................    lcd_output_enable(0); 
01AE:  BCF    F8C.2
01B0:  BCF    F95.2
....................    lcd_send_nibble(n >> 4); 
01B2:  SWAPF  43,W
01B4:  MOVWF  44
01B6:  MOVLW  0F
01B8:  ANDWF  44,F
01BA:  MOVFF  44,45
01BE:  RCALL  0148
....................    lcd_send_nibble(n & 0xf); 
01C0:  MOVF   43,W
01C2:  ANDLW  0F
01C4:  MOVWF  44
01C6:  MOVWF  45
01C8:  RCALL  0148
01CA:  RETURN 0
.................... } 
....................  
.................... #if defined(LCD_EXTENDED_NEWLINE) 
.................... unsigned int8 g_LcdX, g_LcdY; 
.................... #endif 
....................  
.................... void lcd_init(void)  
.................... { 
....................    unsigned int8 i; 
....................    unsigned int8 LCD_INIT_STRING[4] = {0x20 | (LCD_TYPE << 2), 0xc, 1, 6}; 
*
02D8:  MOVLW  28
02DA:  MOVWF  2B
02DC:  MOVLW  0C
02DE:  MOVWF  2C
02E0:  MOVLW  01
02E2:  MOVWF  2D
02E4:  MOVLW  06
02E6:  MOVWF  2E
....................                              // These bytes need to be sent to the LCD 
....................                              // to start it up. 
....................     
....................  
....................    lcd_output_enable(0); 
02E8:  BCF    F8C.2
02EA:  BCF    F95.2
....................    lcd_output_rs(0); 
02EC:  BCF    F8C.0
02EE:  BCF    F95.0
....................    lcd_output_rw(0); 
02F0:  BCF    F8C.1
02F2:  BCF    F95.1
....................  
....................  #if defined(__PCB__) 
....................    set_tris_lcd(LCD_OUTPUT_MAP); 
....................  #else 
....................   #if (defined(LCD_DATA4) && defined(LCD_DATA5) && defined(LCD_DATA6) && defined(LCD_DATA7)) 
....................    output_drive(LCD_DATA4); 
02F4:  BCF    F95.4
....................    output_drive(LCD_DATA5); 
02F6:  BCF    F95.5
....................    output_drive(LCD_DATA6); 
02F8:  BCF    F95.6
....................    output_drive(LCD_DATA7); 
02FA:  BCF    F95.7
....................   #else 
....................    lcdtris.data = 0x0; 
....................   #endif 
....................    lcd_enable_tris(); 
02FC:  BCF    F95.2
....................    lcd_rs_tris(); 
02FE:  BCF    F95.0
....................    lcd_rw_tris(); 
0300:  BCF    F95.1
0302:  CLRF   19
0304:  BTFSC  FF2.7
0306:  BSF    19.7
0308:  BCF    FF2.7
....................  #endif 
....................      
....................    delay_ms(15); 
030A:  MOVLW  0F
030C:  MOVWF  3E
030E:  RCALL  01EE
0310:  BTFSC  19.7
0312:  BSF    FF2.7
....................    for(i=1;i<=3;++i) 
0314:  MOVLW  01
0316:  MOVWF  2A
0318:  MOVF   2A,W
031A:  SUBLW  03
031C:  BNC   0346
031E:  CLRF   19
0320:  BTFSC  FF2.7
0322:  BSF    19.7
0324:  BCF    FF2.7
....................    { 
....................        lcd_send_nibble(3); 
0326:  MOVLW  03
0328:  MOVWF  45
032A:  RCALL  0148
032C:  BTFSC  19.7
032E:  BSF    FF2.7
0330:  CLRF   19
0332:  BTFSC  FF2.7
0334:  BSF    19.7
0336:  BCF    FF2.7
....................        delay_ms(5); 
0338:  MOVLW  05
033A:  MOVWF  3E
033C:  RCALL  01EE
033E:  BTFSC  19.7
0340:  BSF    FF2.7
0342:  INCF   2A,F
0344:  BRA    0318
0346:  CLRF   19
0348:  BTFSC  FF2.7
034A:  BSF    19.7
034C:  BCF    FF2.7
....................    } 
....................     
....................    lcd_send_nibble(2); 
034E:  MOVLW  02
0350:  MOVWF  45
0352:  RCALL  0148
0354:  BTFSC  19.7
0356:  BSF    FF2.7
0358:  CLRF   19
035A:  BTFSC  FF2.7
035C:  BSF    19.7
035E:  BCF    FF2.7
....................    delay_ms(5); 
0360:  MOVLW  05
0362:  MOVWF  3E
0364:  RCALL  01EE
0366:  BTFSC  19.7
0368:  BSF    FF2.7
....................    for(i=0;i<=3;++i) 
036A:  CLRF   2A
036C:  MOVF   2A,W
036E:  SUBLW  03
0370:  BNC   0398
....................       lcd_send_byte(0,LCD_INIT_STRING[i]); 
0372:  CLRF   03
0374:  MOVF   2A,W
0376:  ADDLW  2B
0378:  MOVWF  FE9
037A:  MOVLW  00
037C:  ADDWFC 03,W
037E:  MOVWF  FEA
0380:  MOVFF  FEF,43
0384:  CLRF   19
0386:  BTFSC  FF2.7
0388:  BSF    19.7
038A:  BCF    FF2.7
038C:  CLRF   42
038E:  RCALL  0186
0390:  BTFSC  19.7
0392:  BSF    FF2.7
....................  
....................   #if defined(LCD_EXTENDED_NEWLINE) 
0394:  INCF   2A,F
0396:  BRA    036C
0398:  GOTO   06FC (RETURN)
....................    g_LcdX = 0; 
....................    g_LcdY = 0; 
....................   #endif 
.................... } 
....................  
.................... void lcd_gotoxy(unsigned int8 x, unsigned int8 y) 
.................... { 
....................    unsigned int8 address; 
....................     
....................    if(y!=1) 
*
01CC:  DECFSZ 3F,W
01CE:  BRA    01D2
01D0:  BRA    01D8
....................       address=LCD_LINE_TWO; 
01D2:  MOVLW  40
01D4:  MOVWF  40
01D6:  BRA    01DA
....................    else 
....................       address=0; 
01D8:  CLRF   40
....................       
....................    address+=x-1; 
01DA:  MOVLW  01
01DC:  SUBWF  3E,W
01DE:  ADDWF  40,F
....................    lcd_send_byte(0,0x80|address); 
01E0:  MOVF   40,W
01E2:  IORLW  80
01E4:  MOVWF  41
01E6:  CLRF   42
01E8:  MOVWF  43
01EA:  RCALL  0186
....................  
....................   #if defined(LCD_EXTENDED_NEWLINE) 
01EC:  RETURN 0
....................    g_LcdX = x - 1; 
....................    g_LcdY = y - 1; 
....................   #endif 
.................... } 
....................  
.................... void lcd_putc(char c) 
.................... { 
....................    switch (c) 
*
0216:  MOVF   3D,W
0218:  XORLW  07
021A:  BZ    022A
021C:  XORLW  0B
021E:  BZ    0234
0220:  XORLW  06
0222:  BZ    0244
0224:  XORLW  02
0226:  BZ    0250
0228:  BRA    025A
....................    { 
....................       case '\a'   :  lcd_gotoxy(1,1);     break; 
022A:  MOVLW  01
022C:  MOVWF  3E
022E:  MOVWF  3F
0230:  RCALL  01CC
0232:  BRA    0264
....................  
....................       case '\f'   :  lcd_send_byte(0,1); 
0234:  CLRF   42
0236:  MOVLW  01
0238:  MOVWF  43
023A:  RCALL  0186
....................                      delay_ms(2); 
023C:  MOVLW  02
023E:  MOVWF  3E
0240:  RCALL  01EE
....................                     #if defined(LCD_EXTENDED_NEWLINE) 
....................                      g_LcdX = 0; 
....................                      g_LcdY = 0; 
....................                     #endif 
....................                      break; 
0242:  BRA    0264
....................  
....................      #if defined(LCD_EXTENDED_NEWLINE) 
....................       case '\r'   :  lcd_gotoxy(1, g_LcdY+1);   break; 
....................       case '\n'   : 
....................          while (g_LcdX++ < LCD_LINE_LENGTH) 
....................          { 
....................             lcd_send_byte(1, ' '); 
....................          } 
....................          lcd_gotoxy(1, g_LcdY+2); 
....................          break; 
....................      #else 
....................       case '\n'   : lcd_gotoxy(1,2);        break; 
0244:  MOVLW  01
0246:  MOVWF  3E
0248:  MOVLW  02
024A:  MOVWF  3F
024C:  RCALL  01CC
024E:  BRA    0264
....................      #endif 
....................       
....................       case '\b'   : lcd_send_byte(0,0x10);  break; 
0250:  CLRF   42
0252:  MOVLW  10
0254:  MOVWF  43
0256:  RCALL  0186
0258:  BRA    0264
....................       
....................      #if defined(LCD_EXTENDED_NEWLINE) 
....................       default     :  
....................          if (g_LcdX < LCD_LINE_LENGTH) 
....................          { 
....................             lcd_send_byte(1, c); 
....................             g_LcdX++; 
....................          } 
....................          break; 
....................      #else 
....................       default     : lcd_send_byte(1,c);     break; 
025A:  MOVLW  01
025C:  MOVWF  42
025E:  MOVFF  3D,43
0262:  RCALL  0186
....................      #endif 
....................    } 
0264:  RETURN 0
.................... } 
....................   
.................... char lcd_getc(unsigned int8 x, unsigned int8 y) 
.................... { 
....................    char value; 
....................  
....................    lcd_gotoxy(x,y); 
....................    while ( bit_test(lcd_read_byte(),7) ); // wait until busy flag is low 
....................    lcd_output_rs(1); 
....................    value = lcd_read_byte(); 
....................    lcd_output_rs(0); 
....................     
....................    return(value); 
.................... } 
....................  
.................... // write a custom character to the ram 
.................... // which is 0-7 and specifies which character array we are modifying. 
.................... // ptr points to an array of 8 bytes, where each byte is the next row of 
.................... //    pixels.  only bits 0-4 are used.  the last row is the cursor row, and 
.................... //    usually you will want to leave this byte 0x00. 
.................... void lcd_set_cgram_char(unsigned int8 which, unsigned int8 *ptr) 
.................... { 
....................    unsigned int i; 
....................  
....................    which <<= 3; 
....................    which &= 0x38; 
....................  
....................    lcd_send_byte(0, 0x40 | which);  //set cgram address 
....................  
....................    for(i=0; i<8; i++) 
....................    { 
....................       lcd_send_byte(1, *ptr++); 
....................    } 
....................    
....................    #if defined(LCD_EXTENDED_NEWLINE) 
....................     lcd_gotoxy(g_LcdX+1, g_LcdY+1);  //set ddram address 
....................    #endif 
.................... } 
....................  
.................... void lcd_cursor_on(int1 on) 
.................... { 
....................    if (on) 
....................    { 
....................       lcd_send_byte(0,0x0F);           //turn LCD cursor ON 
....................    } 
....................    else 
....................    { 
....................       lcd_send_byte(0,0x0C);           //turn LCD cursor OFF 
....................    } 
.................... } 
....................  
.................... #endif 
....................  
....................  
.................... int32 t=1000; 
.................... int32 tp=5000; 
.................... int cont=1; 
.................... int actual=1; 
.................... int recorrer=0; 
.................... int tiempo=0,minuto=0; 
.................... boolean Start=true,Cro=true; 
....................  
.................... #Int_Ext 
.................... void Emergencia(){ 
....................    printf(lcd_putc,"EMERGENCIA \f"); 
*
0286:  MOVLW  A0
0288:  MOVWF  FF6
028A:  MOVLW  02
028C:  MOVWF  FF7
028E:  RCALL  0266
....................    Start=false; 
0290:  BCF    27.0
....................    Output_low(pin_E1); 
0292:  BCF    F96.1
0294:  BCF    F8D.1
....................    Output_low(pin_E0); 
0296:  BCF    F96.0
0298:  BCF    F8D.0
029A:  BCF    FF2.1
029C:  GOTO   0060
.................... } 
.................... void puerta(){ 
....................    Output_low(pin_A1); 
*
05C0:  BCF    F92.1
05C2:  BCF    F89.1
....................    Output_high(pin_A0); 
05C4:  BCF    F92.0
05C6:  BSF    F89.0
....................    delay_ms(tp); 
05C8:  MOVFF  1F,2A
05CC:  INCF   2A,F
05CE:  DECF   2A,F
05D0:  BTFSC  FD8.2
05D2:  BRA    05E6
05D4:  CLRF   19
05D6:  BTFSC  FF2.7
05D8:  BSF    19.7
05DA:  BCF    FF2.7
05DC:  SETF   3E
05DE:  RCALL  01EE
05E0:  BTFSC  19.7
05E2:  BSF    FF2.7
05E4:  BRA    05CE
05E6:  CLRF   19
05E8:  BTFSC  FF2.7
05EA:  BSF    19.7
05EC:  BCF    FF2.7
05EE:  MOVFF  1E,3E
05F2:  RCALL  01EE
05F4:  BTFSC  19.7
05F6:  BSF    FF2.7
....................    Output_low(pin_A0); 
05F8:  BCF    F92.0
05FA:  BCF    F89.0
....................    Output_low(pin_A1); 
05FC:  BCF    F92.1
05FE:  BCF    F89.1
0600:  RETURN 0
.................... } 
.................... void Cronometro(){ 
....................   // delay_s(1); 
....................    tiempo=tiempo+1; 
....................    if (tiempo>60){ 
....................       minuto=1+minuto;       
....................    } 
.................... } 
.................... void der(recorrer){ 
*
051C:  CLRF   19
051E:  BTFSC  FF2.7
0520:  BSF    19.7
0522:  BCF    FF2.7
....................    lcd_gotoxy(1,1); 
0524:  MOVLW  01
0526:  MOVWF  3E
0528:  MOVWF  3F
052A:  RCALL  01CC
052C:  BTFSC  19.7
052E:  BSF    FF2.7
....................    printf(lcd_putc,"subiendo"); 
0530:  MOVLW  AE
0532:  MOVWF  FF6
0534:  MOVLW  02
0536:  MOVWF  FF7
0538:  CLRF   19
053A:  BTFSC  FF2.7
053C:  BSF    19.7
053E:  BCF    FF2.7
0540:  RCALL  0266
0542:  BTFSC  19.7
0544:  BSF    FF2.7
....................    output_high(pin_E0); 
0546:  BCF    F96.0
0548:  BSF    F8D.0
....................    delay_ms(recorrer*t); 
054A:  CLRF   2E
054C:  CLRF   2D
054E:  CLRF   2C
0550:  MOVFF  2A,2B
0554:  MOVFF  1D,32
0558:  MOVFF  1C,31
055C:  MOVFF  1B,30
0560:  MOVFF  1A,2F
0564:  RCALL  04C8
0566:  MOVFF  03,2E
056A:  MOVFF  02,2D
056E:  MOVFF  01,2C
0572:  MOVFF  00,2B
0576:  MOVFF  01,2F
057A:  INCF   2F,F
057C:  DECF   2F,F
057E:  BTFSC  FD8.2
0580:  BRA    0594
0582:  CLRF   19
0584:  BTFSC  FF2.7
0586:  BSF    19.7
0588:  BCF    FF2.7
058A:  SETF   3E
058C:  RCALL  01EE
058E:  BTFSC  19.7
0590:  BSF    FF2.7
0592:  BRA    057C
0594:  CLRF   19
0596:  BTFSC  FF2.7
0598:  BSF    19.7
059A:  BCF    FF2.7
059C:  MOVFF  2B,3E
05A0:  RCALL  01EE
05A2:  BTFSC  19.7
05A4:  BSF    FF2.7
....................    Output_low(pin_E0); 
05A6:  BCF    F96.0
05A8:  BCF    F8D.0
05AA:  CLRF   19
05AC:  BTFSC  FF2.7
05AE:  BSF    19.7
05B0:  BCF    FF2.7
....................    printf(lcd_putc,"\f"); 
05B2:  MOVLW  0C
05B4:  MOVWF  3D
05B6:  RCALL  0216
05B8:  BTFSC  19.7
05BA:  BSF    FF2.7
05BC:  GOTO   076E (RETURN)
.................... } 
.................... void izq(recorrer){ 
*
0602:  CLRF   19
0604:  BTFSC  FF2.7
0606:  BSF    19.7
0608:  BCF    FF2.7
....................    lcd_gotoxy(1,1); 
060A:  MOVLW  01
060C:  MOVWF  3E
060E:  MOVWF  3F
0610:  RCALL  01CC
0612:  BTFSC  19.7
0614:  BSF    FF2.7
....................    printf(lcd_putc,"bajando"); 
0616:  MOVLW  B8
0618:  MOVWF  FF6
061A:  MOVLW  02
061C:  MOVWF  FF7
061E:  CLRF   19
0620:  BTFSC  FF2.7
0622:  BSF    19.7
0624:  BCF    FF2.7
0626:  RCALL  0266
0628:  BTFSC  19.7
062A:  BSF    FF2.7
....................    Output_high(pin_E1); 
062C:  BCF    F96.1
062E:  BSF    F8D.1
....................    delay_ms(recorrer*t); 
0630:  CLRF   2E
0632:  CLRF   2D
0634:  CLRF   2C
0636:  MOVFF  2A,2B
063A:  MOVFF  1D,32
063E:  MOVFF  1C,31
0642:  MOVFF  1B,30
0646:  MOVFF  1A,2F
064A:  RCALL  04C8
064C:  MOVFF  03,2E
0650:  MOVFF  02,2D
0654:  MOVFF  01,2C
0658:  MOVFF  00,2B
065C:  MOVFF  01,2F
0660:  INCF   2F,F
0662:  DECF   2F,F
0664:  BTFSC  FD8.2
0666:  BRA    067A
0668:  CLRF   19
066A:  BTFSC  FF2.7
066C:  BSF    19.7
066E:  BCF    FF2.7
0670:  SETF   3E
0672:  RCALL  01EE
0674:  BTFSC  19.7
0676:  BSF    FF2.7
0678:  BRA    0662
067A:  CLRF   19
067C:  BTFSC  FF2.7
067E:  BSF    19.7
0680:  BCF    FF2.7
0682:  MOVFF  2B,3E
0686:  RCALL  01EE
0688:  BTFSC  19.7
068A:  BSF    FF2.7
....................    output_low(pin_E1); 
068C:  BCF    F96.1
068E:  BCF    F8D.1
0690:  CLRF   19
0692:  BTFSC  FF2.7
0694:  BSF    19.7
0696:  BCF    FF2.7
....................    printf(lcd_putc,"\f"); 
0698:  MOVLW  0C
069A:  MOVWF  3D
069C:  RCALL  0216
069E:  BTFSC  19.7
06A0:  BSF    FF2.7
06A2:  GOTO   07B8 (RETURN)
.................... } 
.................... void main(){ 
06A6:  CLRF   FF8
06A8:  BCF    FD0.7
06AA:  BSF    07.7
06AC:  MOVLW  60
06AE:  MOVWF  FD3
06B0:  MOVF   FD3,W
06B2:  CLRF   1D
06B4:  CLRF   1C
06B6:  MOVLW  03
06B8:  MOVWF  1B
06BA:  MOVLW  E8
06BC:  MOVWF  1A
06BE:  CLRF   21
06C0:  CLRF   20
06C2:  MOVLW  13
06C4:  MOVWF  1F
06C6:  MOVLW  88
06C8:  MOVWF  1E
06CA:  MOVLW  01
06CC:  MOVWF  22
06CE:  MOVLW  01
06D0:  MOVWF  23
06D2:  CLRF   24
06D4:  CLRF   25
06D6:  CLRF   26
06D8:  BSF    27.0
06DA:  BSF    27.1
06DC:  CLRF   29
06DE:  CLRF   28
06E0:  MOVF   FC1,W
06E2:  ANDLW  C0
06E4:  IORLW  0F
06E6:  MOVWF  FC1
06E8:  MOVLW  07
06EA:  MOVWF  FB4
....................    set_tris_A(0xff); 
06EC:  MOVLW  FF
06EE:  MOVWF  F92
....................    set_tris_B(0xff); 
06F0:  MOVWF  F93
....................    set_tris_C(0xff); 
06F2:  MOVWF  F94
....................    set_tris_A(0x00); 
06F4:  MOVLW  00
06F6:  MOVWF  F92
....................    set_tris_A(0x00); 
06F8:  MOVWF  F92
....................    lcd_Init(); 
06FA:  BRA    02D8
....................    Enable_Interrupts(Int_Ext); 
06FC:  BSF    FF2.4
....................    Enable_Interrupts(Global); 
06FE:  MOVLW  C0
0700:  IORWF  FF2,F
....................    Ext_Int_Edge(0, L_TO_H); 
0702:  BSF    FF1.6
0704:  CLRF   19
0706:  BTFSC  FF2.7
0708:  BSF    19.7
070A:  BCF    FF2.7
....................    lcd_gotoxy(1,1); 
070C:  MOVLW  01
070E:  MOVWF  3E
0710:  MOVWF  3F
0712:  RCALL  01CC
0714:  BTFSC  19.7
0716:  BSF    FF2.7
....................    printf(lcd_putc,"Piso %i",cont); 
0718:  MOVLW  C0
071A:  MOVWF  FF6
071C:  MOVLW  02
071E:  MOVWF  FF7
0720:  MOVLW  05
0722:  MOVWF  2A
0724:  RCALL  039C
0726:  MOVFF  22,2A
072A:  MOVLW  18
072C:  MOVWF  2B
072E:  RCALL  03EE
....................    while(Start){ 
0730:  BTFSS  27.0
0732:  BRA    07EE
....................       if(input(pin_C0)==1){ 
0734:  BSF    F94.0
0736:  BTFSS  F82.0
0738:  BRA    073E
....................          cont=1; 
073A:  MOVLW  01
073C:  MOVWF  22
....................       } 
....................       if(input(pin_C1)==1){ 
073E:  BSF    F94.1
0740:  BTFSS  F82.1
0742:  BRA    0748
....................          cont=2; 
0744:  MOVLW  02
0746:  MOVWF  22
....................       } 
....................       if(input(pin_C2)==1){ 
0748:  BSF    F94.2
074A:  BTFSS  F82.2
074C:  BRA    0752
....................          cont=3; 
074E:  MOVLW  03
0750:  MOVWF  22
....................       } 
....................       if(input(pin_C4)==1){ 
0752:  BSF    F94.4
0754:  BTFSS  F82.4
0756:  BRA    075C
....................          cont=4; 
0758:  MOVLW  04
075A:  MOVWF  22
....................       } 
....................       while(cont>actual){ 
075C:  MOVF   22,W
075E:  SUBWF  23,W
0760:  BC    07A2
....................          recorrer=cont-actual; 
0762:  MOVF   23,W
0764:  SUBWF  22,W
0766:  MOVWF  24
....................          der(recorrer); 
0768:  MOVFF  24,2A
076C:  BRA    051C
076E:  CLRF   19
0770:  BTFSC  FF2.7
0772:  BSF    19.7
0774:  BCF    FF2.7
....................          lcd_gotoxy(1,1); 
0776:  MOVLW  01
0778:  MOVWF  3E
077A:  MOVWF  3F
077C:  RCALL  01CC
077E:  BTFSC  19.7
0780:  BSF    FF2.7
....................          printf(lcd_putc,"Piso %i",cont); 
0782:  MOVLW  C8
0784:  MOVWF  FF6
0786:  MOVLW  02
0788:  MOVWF  FF7
078A:  MOVLW  05
078C:  MOVWF  2A
078E:  RCALL  039C
0790:  MOVFF  22,2A
0794:  MOVLW  18
0796:  MOVWF  2B
0798:  RCALL  03EE
....................          puerta(); 
079A:  RCALL  05C0
....................          actual=cont; 
079C:  MOVFF  22,23
07A0:  BRA    075C
....................       } 
....................       while(cont<actual){ 
07A2:  MOVF   23,W
07A4:  SUBWF  22,W
07A6:  BC    07EC
....................          recorrer=-cont+actual; 
07A8:  MOVLW  00
07AA:  BSF    FD8.0
07AC:  SUBFWB 22,W
07AE:  ADDWF  23,W
07B0:  MOVWF  24
....................          izq(recorrer); 
07B2:  MOVFF  24,2A
07B6:  BRA    0602
07B8:  CLRF   19
07BA:  BTFSC  FF2.7
07BC:  BSF    19.7
07BE:  BCF    FF2.7
....................          lcd_gotoxy(1,1); 
07C0:  MOVLW  01
07C2:  MOVWF  3E
07C4:  MOVWF  3F
07C6:  RCALL  01CC
07C8:  BTFSC  19.7
07CA:  BSF    FF2.7
....................          printf(lcd_putc,"piso %i",cont); 
07CC:  MOVLW  D0
07CE:  MOVWF  FF6
07D0:  MOVLW  02
07D2:  MOVWF  FF7
07D4:  MOVLW  05
07D6:  MOVWF  2A
07D8:  RCALL  039C
07DA:  MOVFF  22,2A
07DE:  MOVLW  18
07E0:  MOVWF  2B
07E2:  RCALL  03EE
....................          puerta(); 
07E4:  RCALL  05C0
....................          actual=cont;          
07E6:  MOVFF  22,23
07EA:  BRA    07A2
....................       } 
07EC:  BRA    0730
....................    } 
.................... } 
....................  
07EE:  SLEEP 

Configuration Fuses:
   Word  1: C027   PLL12 CPUDIV1 USBDIV XT FCMEN IESO
   Word  2: 1E3E   PUT BROWNOUT BORV21 VREGEN NOWDT WDT32768
   Word  3: 8700   CCP2C1 PBADEN LPT1OSC MCLR
   Word  4: 00A1   STVREN NOLVP ICSP2 NOXINST NODEBUG
   Word  5: C00F   NOPROTECT NOCPB NOCPD
   Word  6: E00F   NOWRT NOWRTC NOWRTB NOWRTD
   Word  7: 400F   NOEBTR NOEBTRB
