
ROM used:   2028/32768 (6%)
            2028/32768 (6%) including unused fragments

            1.4 Average locations per line
            12.2 Average locations per statement

RAM used:   43/2048 (2%) at main() level
            72/2048 (4%) worst case

Stack used: 13 worst case (6 in main + 7 for interrupts)
Stack size: 31

Lines Stmts  %   Files
----- ----- ---  -----
  103    66  40  main.c
    8     0   0  main.h
  852     0   0  C:\Program Files (x86)\PICC\Devices\18F4550.h
  456   100  60  C:\Program Files (x86)\PICC\Drivers\lcd.c
----- -----
 1419   166 Total

Page ROM  %  RAM    Vol Diff  Functions:
---- --- --- ---    --- ----  ----------
0     40   1    1             @delay_ms2
0     72   2    3    760  4.5  lcd_read_byte
0     82   2    2    262  3.7  lcd_read_nibble
0     62   2    1    399  2.4  lcd_send_nibble
0     70   2    3    415  3.7  lcd_send_byte
0    196   5    6    852  6.2  lcd_init
0     34   1    4    208  6.3  lcd_gotoxy
0     80   2    1    354  4.7  lcd_putc
0     26   1    0     82  1.9  Emergencia
0     14   0    0             @const719
0     32   1    2             @PSTRINGC_697
0     66   2    1     86  1.3  puerta
0    164   4    6    163  2.1  der
0     10   0    0             @const728
0     84   2   14             @MUL3232
0    164   4    6    163  2.1  izq
0      8   0    0             @const735
0    330   8    1   1183  5.8  MAIN
0      8   0    0             @const740
0     42   1    3             @PSTRINGCN_697
0     40   1    3             @DIV88
0    218   5    6             @PRINTF_D_697
0      8   0    0             @const749
0      8   0    0             @const750
 Inline         0             @cinit1

Program metrics:
    Functions               12
    Statements              166
    Comments                257
    Volume (V)              7801
    Difficulty (D)          43.1
    Effort to implement (E) 336160
    Time to implement (T)   5 hours, 11 minutes
    Est Delivered Bugs (B)  2
    Cyclomatic Complexity   12
    Maintainability (MI)    133

 Segment     Used  Free
-----------  ----  ----
00000-00002     4  0  
00004-00006     0  4  
00008-000AC   166  0  
000AE-07FFE  1858  30736  



