CCS PCH C Compiler, Version 5.076, 56587               26-ago.-22 01:03

               Filename:   C:\Users\La Economia\Documentos\ProyectoMaquinas\ProyectoMaquinasDigitales\main.lst

               ROM used:   2486 bytes (8%)
                           Largest free fragment is 30278
               RAM used:   48 (2%) at main() level
                           78 (4%) worst case
               Stack used: 13 locations (6 in main + 7 for interrupts)
               Stack size: 31

*
0000:  GOTO   0812
*
0008:  MOVWF  04
000A:  MOVFF  FD8,05
000E:  MOVFF  FE0,06
0012:  MOVLB  0
0014:  MOVFF  FE9,0C
0018:  MOVFF  FEA,07
001C:  MOVFF  FE1,08
0020:  MOVFF  FE2,09
0024:  MOVFF  FD9,0A
0028:  MOVFF  FDA,0B
002C:  MOVFF  FF3,12
0030:  MOVFF  FF4,13
0034:  MOVFF  FFA,14
0038:  MOVFF  FF5,15
003C:  MOVFF  FF6,16
0040:  MOVFF  FF7,17
0044:  MOVFF  00,0E
0048:  MOVFF  01,0F
004C:  MOVFF  02,10
0050:  MOVFF  03,11
0054:  BTFSS  FF2.5
0056:  GOTO   0060
005A:  BTFSC  FF2.2
005C:  GOTO   033E
0060:  BTFSS  FF2.4
0062:  GOTO   006C
0066:  BTFSC  FF2.1
0068:  GOTO   03B0
006C:  MOVFF  0E,00
0070:  MOVFF  0F,01
0074:  MOVFF  10,02
0078:  MOVFF  11,03
007C:  MOVFF  0C,FE9
0080:  MOVFF  07,FEA
0084:  BSF    07.7
0086:  MOVFF  08,FE1
008A:  MOVFF  09,FE2
008E:  MOVFF  0A,FD9
0092:  MOVFF  0B,FDA
0096:  MOVFF  12,FF3
009A:  MOVFF  13,FF4
009E:  MOVFF  14,FFA
00A2:  MOVFF  15,FF5
00A6:  MOVFF  16,FF6
00AA:  MOVFF  17,FF7
00AE:  MOVF   04,W
00B0:  MOVFF  06,FE0
00B4:  MOVFF  05,FD8
00B8:  RETFIE 0
.................... #include <main.h> 
.................... #include <18F4550.h> 
.................... //////////// Standard Header file for the PIC18F4550 device //////////////// 
.................... /////////////////////////////////////////////////////////////////////////// 
.................... ////        (C) Copyright 1996, 2014 Custom Computer Services          //// 
.................... //// This source code may only be used by licensed users of the CCS C  //// 
.................... //// compiler.  This source code may only be distributed to other      //// 
.................... //// licensed users of the CCS C compiler.  No other use, reproduction //// 
.................... //// or distribution is permitted without written permission.          //// 
.................... //// Derivative programs created using this software in object code    //// 
.................... //// form are not restricted in any way.                               //// 
.................... /////////////////////////////////////////////////////////////////////////// 
.................... #device PIC18F4550 
*
021A:  MOVF   43,W
021C:  CLRF   01
021E:  SUBWF  42,W
0220:  BC    0228
0222:  MOVFF  42,00
0226:  BRA    0240
0228:  CLRF   00
022A:  MOVLW  08
022C:  MOVWF  44
022E:  RLCF   42,F
0230:  RLCF   00,F
0232:  MOVF   43,W
0234:  SUBWF  00,W
0236:  BTFSC  FD8.0
0238:  MOVWF  00
023A:  RLCF   01,F
023C:  DECFSZ 44,F
023E:  BRA    022E
0240:  RETURN 0
*
02BA:  MOVF   01,W
02BC:  MOVFF  40,42
02C0:  MOVLW  64
02C2:  MOVWF  43
02C4:  RCALL  021A
02C6:  MOVFF  00,40
02CA:  MOVF   01,W
02CC:  MOVLW  30
02CE:  BNZ   02DE
02D0:  BTFSS  41.1
02D2:  BRA    02EC
02D4:  BTFSC  41.3
02D6:  BRA    02EC
02D8:  BTFSC  41.4
02DA:  MOVLW  20
02DC:  BRA    02E4
02DE:  BCF    41.3
02E0:  BCF    41.4
02E2:  BSF    41.0
02E4:  ADDWF  01,F
02E6:  MOVFF  01,43
02EA:  RCALL  026A
02EC:  MOVFF  40,42
02F0:  MOVLW  0A
02F2:  MOVWF  43
02F4:  RCALL  021A
02F6:  MOVFF  00,40
02FA:  MOVF   01,W
02FC:  MOVLW  30
02FE:  BNZ   030C
0300:  BTFSC  41.3
0302:  BRA    0314
0304:  BTFSS  41.0
0306:  BRA    0314
0308:  BTFSC  41.4
030A:  MOVLW  20
030C:  ADDWF  01,F
030E:  MOVFF  01,43
0312:  RCALL  026A
0314:  MOVLW  30
0316:  ADDWF  40,F
0318:  MOVFF  40,43
031C:  RCALL  026A
031E:  RETURN 0
0320:  TBLRD*+
0322:  MOVFF  FF6,41
0326:  MOVFF  FF7,42
032A:  MOVFF  FF5,43
032E:  RCALL  026A
0330:  MOVFF  41,FF6
0334:  MOVFF  42,FF7
0338:  DECFSZ 40,F
033A:  BRA    0320
033C:  RETURN 0
*
0386:  DATA 25,32
0388:  DATA 75,20
038A:  DATA 3A,20
038C:  DATA 25,32
038E:  DATA 75,00
0390:  TBLRD*+
0392:  MOVF   FF5,F
0394:  BZ    03AE
0396:  MOVFF  FF6,40
039A:  MOVFF  FF7,41
039E:  MOVFF  FF5,43
03A2:  RCALL  026A
03A4:  MOVFF  40,FF6
03A8:  MOVFF  41,FF7
03AC:  BRA    0390
03AE:  RETURN 0
*
03D2:  DATA 45,4D
03D4:  DATA 45,52
03D6:  DATA 47,45
03D8:  DATA 4E,43
03DA:  DATA 49,41
03DC:  DATA 00,00
03DE:  DATA 73,75
03E0:  DATA 62,69
03E2:  DATA 65,6E
03E4:  DATA 64,6F
03E6:  DATA 00,00
03E8:  DATA 62,61
03EA:  DATA 6A,61
03EC:  DATA 6E,64
03EE:  DATA 6F,00
03F0:  DATA 50,69
03F2:  DATA 73,6F
03F4:  DATA 20,25
03F6:  DATA 69,00
03F8:  DATA 63,6F
03FA:  DATA 6D,75
03FC:  DATA 6E,69
03FE:  DATA 63,61
0400:  DATA 63,69
0402:  DATA 6F,6E
0404:  DATA 20,73
0406:  DATA 65,72
0408:  DATA 69,61
040A:  DATA 6C,20
040C:  DATA 0A,0D
040E:  DATA 00,00
0410:  DATA 50,69
0412:  DATA 73,6F
0414:  DATA 20,25
0416:  DATA 69,00
0418:  DATA 50,69
041A:  DATA 73,6F
041C:  DATA 20,25
041E:  DATA 69,00
*
04E4:  MOVLW  20
04E6:  BTFSS  30.4
04E8:  MOVLW  30
04EA:  MOVWF  31
04EC:  MOVFF  2F,00
04F0:  BTFSS  2F.7
04F2:  BRA    0504
04F4:  COMF   00,F
04F6:  INCF   00,F
04F8:  MOVFF  00,2F
04FC:  MOVLW  2D
04FE:  MOVWF  31
0500:  BSF    30.7
0502:  BSF    30.0
0504:  MOVF   01,W
0506:  CLRF   19
0508:  BTFSC  FF2.7
050A:  BSF    19.7
050C:  BCF    FF2.7
050E:  MOVFF  2F,42
0512:  MOVLW  64
0514:  MOVWF  43
0516:  RCALL  021A
0518:  BTFSC  19.7
051A:  BSF    FF2.7
051C:  MOVFF  00,2F
0520:  MOVLW  30
0522:  ADDWF  01,W
0524:  MOVWF  32
0526:  CLRF   19
0528:  BTFSC  FF2.7
052A:  BSF    19.7
052C:  BCF    FF2.7
052E:  MOVFF  2F,42
0532:  MOVLW  0A
0534:  MOVWF  43
0536:  RCALL  021A
0538:  BTFSC  19.7
053A:  BSF    FF2.7
053C:  MOVLW  30
053E:  ADDWF  00,W
0540:  MOVWF  34
0542:  MOVLW  30
0544:  ADDWF  01,W
0546:  MOVWF  33
0548:  MOVFF  31,00
054C:  MOVLW  30
054E:  SUBWF  32,W
0550:  BZ    055A
0552:  BSF    30.1
0554:  BTFSC  30.7
0556:  BSF    30.2
0558:  BRA    057E
055A:  MOVFF  31,32
055E:  MOVLW  20
0560:  MOVWF  31
0562:  MOVLW  30
0564:  SUBWF  33,W
0566:  BZ    0570
0568:  BSF    30.0
056A:  BTFSC  30.7
056C:  BSF    30.1
056E:  BRA    057E
0570:  BTFSS  FD8.2
0572:  BSF    30.0
0574:  BNZ   057E
0576:  MOVFF  32,33
057A:  MOVLW  20
057C:  MOVWF  32
057E:  BTFSC  30.2
0580:  BRA    058C
0582:  BTFSC  30.1
0584:  BRA    059E
0586:  BTFSC  30.0
0588:  BRA    05B0
058A:  BRA    05C2
058C:  CLRF   19
058E:  BTFSC  FF2.7
0590:  BSF    19.7
0592:  BCF    FF2.7
0594:  MOVFF  31,43
0598:  RCALL  026A
059A:  BTFSC  19.7
059C:  BSF    FF2.7
059E:  CLRF   19
05A0:  BTFSC  FF2.7
05A2:  BSF    19.7
05A4:  BCF    FF2.7
05A6:  MOVFF  32,43
05AA:  RCALL  026A
05AC:  BTFSC  19.7
05AE:  BSF    FF2.7
05B0:  CLRF   19
05B2:  BTFSC  FF2.7
05B4:  BSF    19.7
05B6:  BCF    FF2.7
05B8:  MOVFF  33,43
05BC:  RCALL  026A
05BE:  BTFSC  19.7
05C0:  BSF    FF2.7
05C2:  CLRF   19
05C4:  BTFSC  FF2.7
05C6:  BSF    19.7
05C8:  BCF    FF2.7
05CA:  MOVFF  34,43
05CE:  RCALL  026A
05D0:  BTFSC  19.7
05D2:  BSF    FF2.7
05D4:  RETURN 0
05D6:  TBLRD*+
05D8:  MOVF   FF5,F
05DA:  BZ    05F6
05DC:  MOVFF  FF6,2F
05E0:  MOVFF  FF7,30
05E4:  MOVF   FF5,W
05E6:  BTFSS  F9E.4
05E8:  BRA    05E6
05EA:  MOVWF  FAD
05EC:  MOVFF  2F,FF6
05F0:  MOVFF  30,FF7
05F4:  BRA    05D6
05F6:  GOTO   08DA (RETURN)
05FA:  CLRF   38
05FC:  CLRF   39
05FE:  MOVLW  01
0600:  MOVWF  3A
0602:  CLRF   FDA
0604:  CLRF   FD9
0606:  CLRF   3D
0608:  MOVLW  30
060A:  MOVWF  3C
060C:  CLRF   FEA
060E:  MOVLW  34
0610:  MOVWF  FE9
0612:  MOVFF  3D,FE2
0616:  MOVFF  3C,FE1
061A:  MOVFF  3A,3B
061E:  BCF    FD8.0
0620:  MOVF   FE5,W
0622:  MULWF  FEE
0624:  MOVF   FF3,W
0626:  ADDWFC 38,F
0628:  MOVF   FF4,W
062A:  ADDWFC 39,F
062C:  DECFSZ 3B,F
062E:  BRA    061E
0630:  MOVFF  38,FDE
0634:  MOVFF  39,38
0638:  CLRF   39
063A:  BTFSC  FD8.0
063C:  INCF   39,F
063E:  INCF   3C,F
0640:  BTFSC  FD8.2
0642:  INCF   3D,F
0644:  INCF   3A,F
0646:  MOVF   3A,W
0648:  SUBLW  05
064A:  BNZ   060C
064C:  RETURN 0
....................  
.................... #list 
....................  
.................... #device ADC=10 
....................  
.................... #FUSES NOWDT                 	//No Watch Dog Timer 
....................  
.................... #use delay(internal=4MHz) 
....................  
....................  
.................... #include <18F4550.h> 
.................... //////////// Standard Header file for the PIC18F4550 device //////////////// 
.................... /////////////////////////////////////////////////////////////////////////// 
.................... ////        (C) Copyright 1996, 2014 Custom Computer Services          //// 
.................... //// This source code may only be used by licensed users of the CCS C  //// 
.................... //// compiler.  This source code may only be distributed to other      //// 
.................... //// licensed users of the CCS C compiler.  No other use, reproduction //// 
.................... //// or distribution is permitted without written permission.          //// 
.................... //// Derivative programs created using this software in object code    //// 
.................... //// form are not restricted in any way.                               //// 
.................... /////////////////////////////////////////////////////////////////////////// 
.................... #device PIC18F4550 
....................  
.................... #list 
....................  
.................... #Fuses xt,nowdt,noprotect,cpudiv1 
.................... #Use Delay (Clock= 4 MHz) 
*
0242:  CLRF   FEA
0244:  MOVLW  44
0246:  MOVWF  FE9
0248:  MOVF   FEF,W
024A:  BZ    0268
024C:  MOVLW  01
024E:  MOVWF  01
0250:  CLRF   00
0252:  DECFSZ 00,F
0254:  BRA    0252
0256:  DECFSZ 01,F
0258:  BRA    0250
025A:  MOVLW  4A
025C:  MOVWF  00
025E:  DECFSZ 00,F
0260:  BRA    025E
0262:  BRA    0264
0264:  DECFSZ FEF,F
0266:  BRA    024C
0268:  RETURN 0
.................... #define LCD_ENABLE_PIN PIN_D2 
.................... #define LCD_RS_PIN PIN_D0 
.................... #define LCD_RW_PIN PIN_D1 
.................... #define LCD_DATA4 PIN_D4 
.................... #define LCD_DATA5 PIN_D5 
.................... #define LCD_DATA6 PIN_D6 
.................... #define LCD_DATA7 PIN_D7 
.................... #include <lcd.c> 
.................... /////////////////////////////////////////////////////////////////////////////// 
.................... ////                             LCD.C                                     //// 
.................... ////                 Driver for common LCD modules                         //// 
.................... ////                                                                       //// 
.................... ////  lcd_init()   Must be called before any other function.               //// 
.................... ////                                                                       //// 
.................... ////  lcd_putc(c)  Will display c on the next position of the LCD.         //// 
.................... ////                 \a  Set cursor position to upper left                 //// 
.................... ////                 \f  Clear display, set cursor to upper left           //// 
.................... ////                 \n  Go to start of second line                        //// 
.................... ////                 \b  Move back one position                            //// 
.................... ////              If LCD_EXTENDED_NEWLINE is defined, the \n character     //// 
.................... ////              will erase all remanining characters on the current      //// 
.................... ////              line, and move the cursor to the beginning of the next   //// 
.................... ////              line.                                                    //// 
.................... ////              If LCD_EXTENDED_NEWLINE is defined, the \r character     //// 
.................... ////              will move the cursor to the start of the current         //// 
.................... ////              line.                                                    //// 
.................... ////                                                                       //// 
.................... ////  lcd_gotoxy(x,y) Set write position on LCD (upper left is 1,1)        //// 
.................... ////                                                                       //// 
.................... ////  lcd_getc(x,y)   Returns character at position x,y on LCD             //// 
.................... ////                                                                       //// 
.................... ////  lcd_cursor_on(int1 on)   Turn the cursor on (on=TRUE) or off         //// 
.................... ////              (on=FALSE).                                              //// 
.................... ////                                                                       //// 
.................... ////  lcd_set_cgram_char(w, *p)   Write a custom character to the CGRAM.   //// 
.................... ////                                                                       //// 
.................... ////                                                                       //// 
.................... ////  CONFIGURATION                                                        //// 
.................... ////  The LCD can be configured in one of two ways: a.) port access or     //// 
.................... ////  b.) pin access.  Port access requires the entire 7 bit interface     //// 
.................... ////  connected to one GPIO port, and the data bits (D4:D7 of the LCD)     //// 
.................... ////  connected to sequential pins on the GPIO.  Pin access                //// 
.................... ////  has no requirements, all 7 bits of the control interface can         //// 
.................... ////  can be connected to any GPIO using several ports.                    //// 
.................... ////                                                                       //// 
.................... ////  To use port access, #define LCD_DATA_PORT to the SFR location of     //// 
.................... ////  of the GPIO port that holds the interface, -AND- edit LCD_PIN_MAP    //// 
.................... ////  of this file to configure the pin order.  If you are using a         //// 
.................... ////  baseline PIC (PCB), then LCD_OUTPUT_MAP and LCD_INPUT_MAP also must  //// 
.................... ////  be defined.                                                          //// 
.................... ////                                                                       //// 
.................... ////  Example of port access:                                              //// 
.................... ////     #define LCD_DATA_PORT getenv("SFR:PORTD")                         //// 
.................... ////                                                                       //// 
.................... ////  To use pin access, the following pins must be defined:               //// 
.................... ////     LCD_ENABLE_PIN                                                    //// 
.................... ////     LCD_RS_PIN                                                        //// 
.................... ////     LCD_RW_PIN                                                        //// 
.................... ////     LCD_DATA4                                                         //// 
.................... ////     LCD_DATA5                                                         //// 
.................... ////     LCD_DATA6                                                         //// 
.................... ////     LCD_DATA7                                                         //// 
.................... ////                                                                       //// 
.................... ////  Example of pin access:                                               //// 
.................... ////     #define LCD_ENABLE_PIN  PIN_E0                                    //// 
.................... ////     #define LCD_RS_PIN      PIN_E1                                    //// 
.................... ////     #define LCD_RW_PIN      PIN_E2                                    //// 
.................... ////     #define LCD_DATA4       PIN_D4                                    //// 
.................... ////     #define LCD_DATA5       PIN_D5                                    //// 
.................... ////     #define LCD_DATA6       PIN_D6                                    //// 
.................... ////     #define LCD_DATA7       PIN_D7                                    //// 
.................... ////                                                                       //// 
.................... /////////////////////////////////////////////////////////////////////////////// 
.................... ////        (C) Copyright 1996,2010 Custom Computer Services           //// 
.................... //// This source code may only be used by licensed users of the CCS C  //// 
.................... //// compiler.  This source code may only be distributed to other      //// 
.................... //// licensed users of the CCS C compiler.  No other use, reproduction //// 
.................... //// or distribution is permitted without written permission.          //// 
.................... //// Derivative programs created using this software in object code    //// 
.................... //// form are not restricted in any way.                               //// 
.................... /////////////////////////////////////////////////////////////////////////// 
....................  
.................... #ifndef __LCD_C__ 
.................... #define __LCD_C__ 
....................  
.................... // define the pinout. 
.................... // only required if port access is being used. 
.................... typedef struct   
.................... {                            // This structure is overlayed 
....................    int1 enable;           // on to an I/O port to gain 
....................    int1 rs;               // access to the LCD pins. 
....................    int1 rw;               // The bits are allocated from 
....................    int1 unused;           // low order up.  ENABLE will 
....................    unsigned int     data : 4;         // be LSB pin of that port. 
....................   #if defined(__PCD__)       // The port used will be LCD_DATA_PORT. 
....................    unsigned int    reserved: 8; 
....................   #endif 
.................... } LCD_PIN_MAP; 
....................  
.................... // this is to improve compatability with previous LCD drivers that accepted 
.................... // a define labeled 'use_portb_lcd' that configured the LCD onto port B. 
.................... #if ((defined(use_portb_lcd)) && (use_portb_lcd==TRUE)) 
....................  #define LCD_DATA_PORT getenv("SFR:PORTB") 
.................... #endif 
....................  
.................... #if defined(__PCB__) 
....................    // these definitions only need to be modified for baseline PICs. 
....................    // all other PICs use LCD_PIN_MAP or individual LCD_xxx pin definitions. 
.................... /*                                    EN, RS,   RW,   UNUSED,  DATA  */ 
....................  const LCD_PIN_MAP LCD_OUTPUT_MAP =  {0,  0,    0,    0,       0}; 
....................  const LCD_PIN_MAP LCD_INPUT_MAP =   {0,  0,    0,    0,       0xF}; 
.................... #endif 
....................  
.................... ////////////////////// END CONFIGURATION /////////////////////////////////// 
....................  
.................... #ifndef LCD_ENABLE_PIN 
....................    #define lcd_output_enable(x) lcdlat.enable=x 
....................    #define lcd_enable_tris()   lcdtris.enable=0 
.................... #else 
....................    #define lcd_output_enable(x) output_bit(LCD_ENABLE_PIN, x) 
....................    #define lcd_enable_tris()  output_drive(LCD_ENABLE_PIN) 
.................... #endif 
....................  
.................... #ifndef LCD_RS_PIN 
....................    #define lcd_output_rs(x) lcdlat.rs=x 
....................    #define lcd_rs_tris()   lcdtris.rs=0 
.................... #else 
....................    #define lcd_output_rs(x) output_bit(LCD_RS_PIN, x) 
....................    #define lcd_rs_tris()  output_drive(LCD_RS_PIN) 
.................... #endif 
....................  
.................... #ifndef LCD_RW_PIN 
....................    #define lcd_output_rw(x) lcdlat.rw=x 
....................    #define lcd_rw_tris()   lcdtris.rw=0 
.................... #else 
....................    #define lcd_output_rw(x) output_bit(LCD_RW_PIN, x) 
....................    #define lcd_rw_tris()  output_drive(LCD_RW_PIN) 
.................... #endif 
....................  
.................... // original version of this library incorrectly labeled LCD_DATA0 as LCD_DATA4, 
.................... // LCD_DATA1 as LCD_DATA5, and so on.  this block of code makes the driver 
.................... // compatible with any code written for the original library 
.................... #if (defined(LCD_DATA0) && defined(LCD_DATA1) && defined(LCD_DATA2) && defined(LCD_DATA3) && !defined(LCD_DATA4) && !defined(LCD_DATA5) && !defined(LCD_DATA6) && !defined(LCD_DATA7)) 
....................    #define  LCD_DATA4    LCD_DATA0 
....................    #define  LCD_DATA5    LCD_DATA1 
....................    #define  LCD_DATA6    LCD_DATA2 
....................    #define  LCD_DATA7    LCD_DATA3 
.................... #endif 
....................  
.................... #ifndef LCD_DATA4 
.................... #ifndef LCD_DATA_PORT 
....................    #if defined(__PCB__) 
....................       #define LCD_DATA_PORT      0x06     //portb 
....................       #define set_tris_lcd(x)   set_tris_b(x) 
....................    #else 
....................      #if defined(PIN_D0) 
....................       #define LCD_DATA_PORT      getenv("SFR:PORTD")     //portd 
....................      #else 
....................       #define LCD_DATA_PORT      getenv("SFR:PORTB")     //portb 
....................      #endif 
....................    #endif    
.................... #endif 
....................  
.................... #if defined(__PCB__) 
....................    LCD_PIN_MAP lcd, lcdlat; 
....................    #byte lcd = LCD_DATA_PORT 
....................    #byte lcdlat = LCD_DATA_PORT 
.................... #elif defined(__PCM__) 
....................    LCD_PIN_MAP lcd, lcdlat, lcdtris; 
....................    #byte lcd = LCD_DATA_PORT 
....................    #byte lcdlat = LCD_DATA_PORT 
....................    #byte lcdtris = LCD_DATA_PORT+0x80 
.................... #elif defined(__PCH__) 
....................    LCD_PIN_MAP lcd, lcdlat, lcdtris; 
....................    #byte lcd = LCD_DATA_PORT 
....................    #byte lcdlat = LCD_DATA_PORT+9 
....................    #byte lcdtris = LCD_DATA_PORT+0x12 
.................... #elif defined(__PCD__) 
....................    LCD_PIN_MAP lcd, lcdlat, lcdtris; 
....................    #word lcd = LCD_DATA_PORT 
....................    #word lcdlat = LCD_DATA_PORT+2 
....................    #word lcdtris = LCD_DATA_PORT-0x02 
.................... #endif 
.................... #endif   //LCD_DATA4 not defined 
....................  
.................... #ifndef LCD_TYPE 
....................    #define LCD_TYPE 2           // 0=5x7, 1=5x10, 2=2 lines 
.................... #endif 
....................  
.................... #ifndef LCD_LINE_TWO 
....................    #define LCD_LINE_TWO 0x40    // LCD RAM address for the second line 
.................... #endif 
....................  
.................... #ifndef LCD_LINE_LENGTH 
....................    #define LCD_LINE_LENGTH 20 
.................... #endif 
....................  
.................... unsigned int8 lcd_read_nibble(void); 
....................  
.................... unsigned int8 lcd_read_byte(void) 
.................... { 
....................    unsigned int8 low,high; 
....................  
....................  #if defined(__PCB__) 
....................    set_tris_lcd(LCD_INPUT_MAP); 
....................  #else 
....................   #if (defined(LCD_DATA4) && defined(LCD_DATA5) && defined(LCD_DATA6) && defined(LCD_DATA7)) 
....................    output_float(LCD_DATA4); 
*
012C:  BSF    F95.4
....................    output_float(LCD_DATA5); 
012E:  BSF    F95.5
....................    output_float(LCD_DATA6); 
0130:  BSF    F95.6
....................    output_float(LCD_DATA7); 
0132:  BSF    F95.7
....................   #else 
....................    lcdtris.data = 0xF; 
....................   #endif 
....................  #endif 
....................          
....................    lcd_output_rw(1); 
0134:  BSF    F8C.1
0136:  BCF    F95.1
....................    delay_cycles(1); 
0138:  NOP   
....................    lcd_output_enable(1); 
013A:  BSF    F8C.2
013C:  BCF    F95.2
....................    delay_cycles(1); 
013E:  NOP   
....................    high = lcd_read_nibble(); 
0140:  RCALL  00DA
0142:  MOVFF  01,4B
....................        
....................    lcd_output_enable(0); 
0146:  BCF    F8C.2
0148:  BCF    F95.2
....................    delay_cycles(1); 
014A:  NOP   
....................    lcd_output_enable(1); 
014C:  BSF    F8C.2
014E:  BCF    F95.2
....................    delay_us(1); 
0150:  NOP   
....................    low = lcd_read_nibble(); 
0152:  RCALL  00DA
0154:  MOVFF  01,4A
....................        
....................    lcd_output_enable(0); 
0158:  BCF    F8C.2
015A:  BCF    F95.2
....................  
....................  #if defined(__PCB__) 
....................    set_tris_lcd(LCD_OUTPUT_MAP); 
....................  #else 
....................   #if (defined(LCD_DATA4) && defined(LCD_DATA5) && defined(LCD_DATA6) && defined(LCD_DATA7)) 
....................    output_drive(LCD_DATA4); 
015C:  BCF    F95.4
....................    output_drive(LCD_DATA5); 
015E:  BCF    F95.5
....................    output_drive(LCD_DATA6); 
0160:  BCF    F95.6
....................    output_drive(LCD_DATA7); 
0162:  BCF    F95.7
....................   #else 
....................    lcdtris.data = 0x0; 
....................   #endif 
....................  #endif 
....................  
....................    return( (high<<4) | low); 
0164:  SWAPF  4B,W
0166:  MOVWF  00
0168:  MOVLW  F0
016A:  ANDWF  00,F
016C:  MOVF   00,W
016E:  IORWF  4A,W
0170:  MOVWF  01
0172:  RETURN 0
.................... } 
....................  
.................... unsigned int8 lcd_read_nibble(void) 
.................... { 
....................   #if (defined(LCD_DATA4) && defined(LCD_DATA5) && defined(LCD_DATA6) && defined(LCD_DATA7)) 
*
00DA:  CLRF   4C
....................    unsigned int8 n = 0x00; 
....................  
....................    /* Read the data port */ 
....................    n |= input(LCD_DATA4); 
00DC:  BSF    F95.4
00DE:  MOVLW  00
00E0:  BTFSC  F83.4
00E2:  MOVLW  01
00E4:  IORWF  4C,F
....................    n |= input(LCD_DATA5) << 1; 
00E6:  BSF    F95.5
00E8:  MOVLW  00
00EA:  BTFSC  F83.5
00EC:  MOVLW  01
00EE:  MOVWF  00
00F0:  BCF    FD8.0
00F2:  RLCF   00,F
00F4:  MOVF   00,W
00F6:  IORWF  4C,F
....................    n |= input(LCD_DATA6) << 2; 
00F8:  BSF    F95.6
00FA:  MOVLW  00
00FC:  BTFSC  F83.6
00FE:  MOVLW  01
0100:  MOVWF  00
0102:  RLCF   00,F
0104:  RLCF   00,F
0106:  MOVLW  FC
0108:  ANDWF  00,F
010A:  MOVF   00,W
010C:  IORWF  4C,F
....................    n |= input(LCD_DATA7) << 3; 
010E:  BSF    F95.7
0110:  MOVLW  00
0112:  BTFSC  F83.7
0114:  MOVLW  01
0116:  MOVWF  00
0118:  RLCF   00,F
011A:  RLCF   00,F
011C:  RLCF   00,F
011E:  MOVLW  F8
0120:  ANDWF  00,F
0122:  MOVF   00,W
0124:  IORWF  4C,F
....................     
....................    return(n); 
0126:  MOVFF  4C,01
....................   #else 
012A:  RETURN 0
....................    return(lcd.data); 
....................   #endif 
.................... } 
....................  
.................... void lcd_send_nibble(unsigned int8 n) 
.................... { 
....................   #if (defined(LCD_DATA4) && defined(LCD_DATA5) && defined(LCD_DATA6) && defined(LCD_DATA7)) 
....................    /* Write to the data port */ 
....................    output_bit(LCD_DATA4, bit_test(n, 0)); 
*
0174:  BTFSC  4B.0
0176:  BRA    017C
0178:  BCF    F8C.4
017A:  BRA    017E
017C:  BSF    F8C.4
017E:  BCF    F95.4
....................    output_bit(LCD_DATA5, bit_test(n, 1)); 
0180:  BTFSC  4B.1
0182:  BRA    0188
0184:  BCF    F8C.5
0186:  BRA    018A
0188:  BSF    F8C.5
018A:  BCF    F95.5
....................    output_bit(LCD_DATA6, bit_test(n, 2)); 
018C:  BTFSC  4B.2
018E:  BRA    0194
0190:  BCF    F8C.6
0192:  BRA    0196
0194:  BSF    F8C.6
0196:  BCF    F95.6
....................    output_bit(LCD_DATA7, bit_test(n, 3)); 
0198:  BTFSC  4B.3
019A:  BRA    01A0
019C:  BCF    F8C.7
019E:  BRA    01A2
01A0:  BSF    F8C.7
01A2:  BCF    F95.7
....................   #else       
....................    lcdlat.data = n; 
....................   #endif 
....................        
....................    delay_cycles(1); 
01A4:  NOP   
....................    lcd_output_enable(1); 
01A6:  BSF    F8C.2
01A8:  BCF    F95.2
....................    delay_us(2); 
01AA:  BRA    01AC
....................    lcd_output_enable(0); 
01AC:  BCF    F8C.2
01AE:  BCF    F95.2
01B0:  RETURN 0
.................... } 
....................  
.................... void lcd_send_byte(unsigned int8 address, unsigned int8 n) 
.................... { 
....................   #if defined(__PCB__) 
....................    set_tris_lcd(LCD_OUTPUT_MAP); 
....................   #else 
....................    lcd_enable_tris(); 
01B2:  BCF    F95.2
....................    lcd_rs_tris(); 
01B4:  BCF    F95.0
....................    lcd_rw_tris(); 
01B6:  BCF    F95.1
....................   #endif 
....................  
....................    lcd_output_rs(0); 
01B8:  BCF    F8C.0
01BA:  BCF    F95.0
....................    while ( bit_test(lcd_read_byte(),7) ) ; 
01BC:  RCALL  012C
01BE:  MOVFF  01,4A
01C2:  BTFSC  01.7
01C4:  BRA    01BC
....................    lcd_output_rs(address); 
01C6:  MOVF   48,F
01C8:  BNZ   01CE
01CA:  BCF    F8C.0
01CC:  BRA    01D0
01CE:  BSF    F8C.0
01D0:  BCF    F95.0
....................    delay_cycles(1); 
01D2:  NOP   
....................    lcd_output_rw(0); 
01D4:  BCF    F8C.1
01D6:  BCF    F95.1
....................    delay_cycles(1); 
01D8:  NOP   
....................    lcd_output_enable(0); 
01DA:  BCF    F8C.2
01DC:  BCF    F95.2
....................    lcd_send_nibble(n >> 4); 
01DE:  SWAPF  49,W
01E0:  MOVWF  4A
01E2:  MOVLW  0F
01E4:  ANDWF  4A,F
01E6:  MOVFF  4A,4B
01EA:  RCALL  0174
....................    lcd_send_nibble(n & 0xf); 
01EC:  MOVF   49,W
01EE:  ANDLW  0F
01F0:  MOVWF  4A
01F2:  MOVWF  4B
01F4:  RCALL  0174
01F6:  RETURN 0
.................... } 
....................  
.................... #if defined(LCD_EXTENDED_NEWLINE) 
.................... unsigned int8 g_LcdX, g_LcdY; 
.................... #endif 
....................  
.................... void lcd_init(void)  
.................... { 
....................    unsigned int8 i; 
....................    unsigned int8 LCD_INIT_STRING[4] = {0x20 | (LCD_TYPE << 2), 0xc, 1, 6}; 
*
0420:  MOVLW  28
0422:  MOVWF  30
0424:  MOVLW  0C
0426:  MOVWF  31
0428:  MOVLW  01
042A:  MOVWF  32
042C:  MOVLW  06
042E:  MOVWF  33
....................                              // These bytes need to be sent to the LCD 
....................                              // to start it up. 
....................     
....................  
....................    lcd_output_enable(0); 
0430:  BCF    F8C.2
0432:  BCF    F95.2
....................    lcd_output_rs(0); 
0434:  BCF    F8C.0
0436:  BCF    F95.0
....................    lcd_output_rw(0); 
0438:  BCF    F8C.1
043A:  BCF    F95.1
....................  
....................  #if defined(__PCB__) 
....................    set_tris_lcd(LCD_OUTPUT_MAP); 
....................  #else 
....................   #if (defined(LCD_DATA4) && defined(LCD_DATA5) && defined(LCD_DATA6) && defined(LCD_DATA7)) 
....................    output_drive(LCD_DATA4); 
043C:  BCF    F95.4
....................    output_drive(LCD_DATA5); 
043E:  BCF    F95.5
....................    output_drive(LCD_DATA6); 
0440:  BCF    F95.6
....................    output_drive(LCD_DATA7); 
0442:  BCF    F95.7
....................   #else 
....................    lcdtris.data = 0x0; 
....................   #endif 
....................    lcd_enable_tris(); 
0444:  BCF    F95.2
....................    lcd_rs_tris(); 
0446:  BCF    F95.0
....................    lcd_rw_tris(); 
0448:  BCF    F95.1
044A:  CLRF   19
044C:  BTFSC  FF2.7
044E:  BSF    19.7
0450:  BCF    FF2.7
....................  #endif 
....................      
....................    delay_ms(15); 
0452:  MOVLW  0F
0454:  MOVWF  44
0456:  RCALL  0242
0458:  BTFSC  19.7
045A:  BSF    FF2.7
....................    for(i=1;i<=3;++i) 
045C:  MOVLW  01
045E:  MOVWF  2F
0460:  MOVF   2F,W
0462:  SUBLW  03
0464:  BNC   048E
0466:  CLRF   19
0468:  BTFSC  FF2.7
046A:  BSF    19.7
046C:  BCF    FF2.7
....................    { 
....................        lcd_send_nibble(3); 
046E:  MOVLW  03
0470:  MOVWF  4B
0472:  RCALL  0174
0474:  BTFSC  19.7
0476:  BSF    FF2.7
0478:  CLRF   19
047A:  BTFSC  FF2.7
047C:  BSF    19.7
047E:  BCF    FF2.7
....................        delay_ms(5); 
0480:  MOVLW  05
0482:  MOVWF  44
0484:  RCALL  0242
0486:  BTFSC  19.7
0488:  BSF    FF2.7
048A:  INCF   2F,F
048C:  BRA    0460
048E:  CLRF   19
0490:  BTFSC  FF2.7
0492:  BSF    19.7
0494:  BCF    FF2.7
....................    } 
....................     
....................    lcd_send_nibble(2); 
0496:  MOVLW  02
0498:  MOVWF  4B
049A:  RCALL  0174
049C:  BTFSC  19.7
049E:  BSF    FF2.7
04A0:  CLRF   19
04A2:  BTFSC  FF2.7
04A4:  BSF    19.7
04A6:  BCF    FF2.7
....................    delay_ms(5); 
04A8:  MOVLW  05
04AA:  MOVWF  44
04AC:  RCALL  0242
04AE:  BTFSC  19.7
04B0:  BSF    FF2.7
....................    for(i=0;i<=3;++i) 
04B2:  CLRF   2F
04B4:  MOVF   2F,W
04B6:  SUBLW  03
04B8:  BNC   04E0
....................       lcd_send_byte(0,LCD_INIT_STRING[i]); 
04BA:  CLRF   03
04BC:  MOVF   2F,W
04BE:  ADDLW  30
04C0:  MOVWF  FE9
04C2:  MOVLW  00
04C4:  ADDWFC 03,W
04C6:  MOVWF  FEA
04C8:  MOVFF  FEF,49
04CC:  CLRF   19
04CE:  BTFSC  FF2.7
04D0:  BSF    19.7
04D2:  BCF    FF2.7
04D4:  CLRF   48
04D6:  RCALL  01B2
04D8:  BTFSC  19.7
04DA:  BSF    FF2.7
....................  
....................   #if defined(LCD_EXTENDED_NEWLINE) 
04DC:  INCF   2F,F
04DE:  BRA    04B4
04E0:  GOTO   0882 (RETURN)
....................    g_LcdX = 0; 
....................    g_LcdY = 0; 
....................   #endif 
.................... } 
....................  
.................... void lcd_gotoxy(unsigned int8 x, unsigned int8 y) 
.................... { 
....................    unsigned int8 address; 
....................     
....................    if(y!=1) 
*
01F8:  DECFSZ 45,W
01FA:  BRA    01FE
01FC:  BRA    0204
....................       address=LCD_LINE_TWO; 
01FE:  MOVLW  40
0200:  MOVWF  46
0202:  BRA    0206
....................    else 
....................       address=0; 
0204:  CLRF   46
....................       
....................    address+=x-1; 
0206:  MOVLW  01
0208:  SUBWF  44,W
020A:  ADDWF  46,F
....................    lcd_send_byte(0,0x80|address); 
020C:  MOVF   46,W
020E:  IORLW  80
0210:  MOVWF  47
0212:  CLRF   48
0214:  MOVWF  49
0216:  RCALL  01B2
....................  
....................   #if defined(LCD_EXTENDED_NEWLINE) 
0218:  RETURN 0
....................    g_LcdX = x - 1; 
....................    g_LcdY = y - 1; 
....................   #endif 
.................... } 
....................  
.................... void lcd_putc(char c) 
.................... { 
....................    switch (c) 
*
026A:  MOVF   43,W
026C:  XORLW  07
026E:  BZ    027E
0270:  XORLW  0B
0272:  BZ    0288
0274:  XORLW  06
0276:  BZ    0298
0278:  XORLW  02
027A:  BZ    02A4
027C:  BRA    02AE
....................    { 
....................       case '\a'   :  lcd_gotoxy(1,1);     break; 
027E:  MOVLW  01
0280:  MOVWF  44
0282:  MOVWF  45
0284:  RCALL  01F8
0286:  BRA    02B8
....................  
....................       case '\f'   :  lcd_send_byte(0,1); 
0288:  CLRF   48
028A:  MOVLW  01
028C:  MOVWF  49
028E:  RCALL  01B2
....................                      delay_ms(2); 
0290:  MOVLW  02
0292:  MOVWF  44
0294:  RCALL  0242
....................                     #if defined(LCD_EXTENDED_NEWLINE) 
....................                      g_LcdX = 0; 
....................                      g_LcdY = 0; 
....................                     #endif 
....................                      break; 
0296:  BRA    02B8
....................  
....................      #if defined(LCD_EXTENDED_NEWLINE) 
....................       case '\r'   :  lcd_gotoxy(1, g_LcdY+1);   break; 
....................       case '\n'   : 
....................          while (g_LcdX++ < LCD_LINE_LENGTH) 
....................          { 
....................             lcd_send_byte(1, ' '); 
....................          } 
....................          lcd_gotoxy(1, g_LcdY+2); 
....................          break; 
....................      #else 
....................       case '\n'   : lcd_gotoxy(1,2);        break; 
0298:  MOVLW  01
029A:  MOVWF  44
029C:  MOVLW  02
029E:  MOVWF  45
02A0:  RCALL  01F8
02A2:  BRA    02B8
....................      #endif 
....................       
....................       case '\b'   : lcd_send_byte(0,0x10);  break; 
02A4:  CLRF   48
02A6:  MOVLW  10
02A8:  MOVWF  49
02AA:  RCALL  01B2
02AC:  BRA    02B8
....................       
....................      #if defined(LCD_EXTENDED_NEWLINE) 
....................       default     :  
....................          if (g_LcdX < LCD_LINE_LENGTH) 
....................          { 
....................             lcd_send_byte(1, c); 
....................             g_LcdX++; 
....................          } 
....................          break; 
....................      #else 
....................       default     : lcd_send_byte(1,c);     break; 
02AE:  MOVLW  01
02B0:  MOVWF  48
02B2:  MOVFF  43,49
02B6:  RCALL  01B2
....................      #endif 
....................    } 
02B8:  RETURN 0
.................... } 
....................   
.................... char lcd_getc(unsigned int8 x, unsigned int8 y) 
.................... { 
....................    char value; 
....................  
....................    lcd_gotoxy(x,y); 
....................    while ( bit_test(lcd_read_byte(),7) ); // wait until busy flag is low 
....................    lcd_output_rs(1); 
....................    value = lcd_read_byte(); 
....................    lcd_output_rs(0); 
....................     
....................    return(value); 
.................... } 
....................  
.................... // write a custom character to the ram 
.................... // which is 0-7 and specifies which character array we are modifying. 
.................... // ptr points to an array of 8 bytes, where each byte is the next row of 
.................... //    pixels.  only bits 0-4 are used.  the last row is the cursor row, and 
.................... //    usually you will want to leave this byte 0x00. 
.................... void lcd_set_cgram_char(unsigned int8 which, unsigned int8 *ptr) 
.................... { 
....................    unsigned int i; 
....................  
....................    which <<= 3; 
....................    which &= 0x38; 
....................  
....................    lcd_send_byte(0, 0x40 | which);  //set cgram address 
....................  
....................    for(i=0; i<8; i++) 
....................    { 
....................       lcd_send_byte(1, *ptr++); 
....................    } 
....................    
....................    #if defined(LCD_EXTENDED_NEWLINE) 
....................     lcd_gotoxy(g_LcdX+1, g_LcdY+1);  //set ddram address 
....................    #endif 
.................... } 
....................  
.................... void lcd_cursor_on(int1 on) 
.................... { 
....................    if (on) 
....................    { 
....................       lcd_send_byte(0,0x0F);           //turn LCD cursor ON 
....................    } 
....................    else 
....................    { 
....................       lcd_send_byte(0,0x0C);           //turn LCD cursor OFF 
....................    } 
.................... } 
....................  
.................... #endif 
....................  
....................  
.................... #use RS232(baud=9600,bits=8,parity=N,xmit=pin_c6,rcv=pin_c7,stop=0) 
....................  
.................... int dato=29; 
....................  
.................... int32 t=1000; 
.................... int32 tp=5000; 
.................... int cont=1; 
.................... int16 iterador=0; 
.................... int actual=1; 
.................... int recorrer=0,minutoR=0,segundoR=0; 
.................... int tiempo=0,minuto=0; 
.................... boolean Start=true,Cro=false; 
....................  
.................... void Cronometro(){ 
....................    if(Cro==true){ 
*
00BA:  BTFSS  2C.1
00BC:  BRA    00CA
....................       tiempo++; 
00BE:  INCF   2A,F
....................       if (tiempo>60){ 
00C0:  MOVF   2A,W
00C2:  SUBLW  3C
00C4:  BC    00C8
....................       minuto++; 
00C6:  INCF   2B,F
....................       } 
....................    }else{ 
00C8:  BRA    00D6
....................       minutoR=minuto+minutoR; 
00CA:  MOVF   2B,W
00CC:  ADDWF  28,F
....................       segundoR=tiempo+segundoR; 
00CE:  MOVF   2A,W
00D0:  ADDWF  29,F
....................       tiempo=0; 
00D2:  CLRF   2A
....................       minuto=0; 
00D4:  CLRF   2B
....................    } 
00D6:  GOTO   0344 (RETURN)
.................... } 
....................  
.................... void Serial(){ 
....................    putc(dato); 
.................... } 
....................  
.................... #int_timer0 
.................... void timer0(){ 
....................    output_toggle(PIN_E2); 
*
033E:  BCF    F96.2
0340:  BTG    F8D.2
....................    Cronometro(); 
0342:  BRA    00BA
....................    lcd_gotoxy(1,2); 
0344:  MOVLW  01
0346:  MOVWF  44
0348:  MOVLW  02
034A:  MOVWF  45
034C:  RCALL  01F8
....................    printf(lcd_putc,"%2u : %2u",minutoR,segundoR); 
034E:  MOVFF  28,40
0352:  MOVLW  11
0354:  MOVWF  41
0356:  RCALL  02BA
0358:  MOVLW  89
035A:  MOVWF  FF6
035C:  MOVLW  03
035E:  MOVWF  FF7
0360:  MOVLW  03
0362:  MOVWF  40
0364:  RCALL  0320
0366:  MOVFF  29,40
036A:  MOVLW  11
036C:  MOVWF  41
036E:  RCALL  02BA
....................    lcd_gotoxy(1,1); 
0370:  MOVLW  01
0372:  MOVWF  44
0374:  MOVWF  45
0376:  RCALL  01F8
....................    set_timer0(57724); 
0378:  MOVLW  E1
037A:  MOVWF  FD7
037C:  MOVLW  7C
037E:  MOVWF  FD6
.................... } 
....................  
....................  
0380:  BCF    FF2.2
0382:  GOTO   006C
.................... #Int_Ext 
.................... void Emergencia(){ 
....................    lcd_gotoxy(1,1); 
*
03B0:  MOVLW  01
03B2:  MOVWF  44
03B4:  MOVWF  45
03B6:  RCALL  01F8
....................    printf(lcd_putc,"EMERGENCIA"); 
03B8:  MOVLW  D2
03BA:  MOVWF  FF6
03BC:  MOVLW  03
03BE:  MOVWF  FF7
03C0:  RCALL  0390
....................    Start=false; 
03C2:  BCF    2C.0
....................    Output_low(pin_E1); 
03C4:  BCF    F96.1
03C6:  BCF    F8D.1
....................    Output_low(pin_E0); 
03C8:  BCF    F96.0
03CA:  BCF    F8D.0
03CC:  BCF    FF2.1
03CE:  GOTO   006C
.................... } 
.................... void puerta(){ 
....................    Output_low(pin_A1); 
*
06F4:  BCF    F92.1
06F6:  BCF    F89.1
....................    Output_high(pin_A0); 
06F8:  BCF    F92.0
06FA:  BSF    F89.0
....................    delay_ms(tp); 
06FC:  MOVFF  20,2F
0700:  INCF   2F,F
0702:  DECF   2F,F
0704:  BTFSC  FD8.2
0706:  BRA    071A
0708:  CLRF   19
070A:  BTFSC  FF2.7
070C:  BSF    19.7
070E:  BCF    FF2.7
0710:  SETF   44
0712:  RCALL  0242
0714:  BTFSC  19.7
0716:  BSF    FF2.7
0718:  BRA    0702
071A:  CLRF   19
071C:  BTFSC  FF2.7
071E:  BSF    19.7
0720:  BCF    FF2.7
0722:  MOVFF  1F,44
0726:  RCALL  0242
0728:  BTFSC  19.7
072A:  BSF    FF2.7
....................    Output_low(pin_A0); 
072C:  BCF    F92.0
072E:  BCF    F89.0
....................    Output_high(pin_A1); 
0730:  BCF    F92.1
0732:  BSF    F89.1
....................    delay_ms(tp); 
0734:  MOVFF  20,2F
0738:  INCF   2F,F
073A:  DECF   2F,F
073C:  BTFSC  FD8.2
073E:  BRA    0752
0740:  CLRF   19
0742:  BTFSC  FF2.7
0744:  BSF    19.7
0746:  BCF    FF2.7
0748:  SETF   44
074A:  RCALL  0242
074C:  BTFSC  19.7
074E:  BSF    FF2.7
0750:  BRA    073A
0752:  CLRF   19
0754:  BTFSC  FF2.7
0756:  BSF    19.7
0758:  BCF    FF2.7
075A:  MOVFF  1F,44
075E:  RCALL  0242
0760:  BTFSC  19.7
0762:  BSF    FF2.7
....................    Output_low(pin_A1); 
0764:  BCF    F92.1
0766:  BCF    F89.1
....................    Cro=false; 
0768:  BCF    2C.1
076A:  RETURN 0
.................... } 
.................... void der(recorrer){ 
*
064E:  CLRF   19
0650:  BTFSC  FF2.7
0652:  BSF    19.7
0654:  BCF    FF2.7
....................    lcd_gotoxy(9,1); 
0656:  MOVLW  09
0658:  MOVWF  44
065A:  MOVLW  01
065C:  MOVWF  45
065E:  RCALL  01F8
0660:  BTFSC  19.7
0662:  BSF    FF2.7
....................    printf(lcd_putc,"subiendo"); 
0664:  MOVLW  DE
0666:  MOVWF  FF6
0668:  MOVLW  03
066A:  MOVWF  FF7
066C:  CLRF   19
066E:  BTFSC  FF2.7
0670:  BSF    19.7
0672:  BCF    FF2.7
0674:  RCALL  0390
0676:  BTFSC  19.7
0678:  BSF    FF2.7
....................    output_high(pin_E0); 
067A:  BCF    F96.0
067C:  BSF    F8D.0
....................    delay_ms(recorrer*t); 
067E:  CLRF   33
0680:  CLRF   32
0682:  CLRF   31
0684:  MOVFF  2F,30
0688:  MOVFF  1E,37
068C:  MOVFF  1D,36
0690:  MOVFF  1C,35
0694:  MOVFF  1B,34
0698:  RCALL  05FA
069A:  MOVFF  03,33
069E:  MOVFF  02,32
06A2:  MOVFF  01,31
06A6:  MOVFF  00,30
06AA:  MOVFF  01,34
06AE:  INCF   34,F
06B0:  DECF   34,F
06B2:  BTFSC  FD8.2
06B4:  BRA    06C8
06B6:  CLRF   19
06B8:  BTFSC  FF2.7
06BA:  BSF    19.7
06BC:  BCF    FF2.7
06BE:  SETF   44
06C0:  RCALL  0242
06C2:  BTFSC  19.7
06C4:  BSF    FF2.7
06C6:  BRA    06B0
06C8:  CLRF   19
06CA:  BTFSC  FF2.7
06CC:  BSF    19.7
06CE:  BCF    FF2.7
06D0:  MOVFF  30,44
06D4:  RCALL  0242
06D6:  BTFSC  19.7
06D8:  BSF    FF2.7
....................    Output_low(pin_E0); 
06DA:  BCF    F96.0
06DC:  BCF    F8D.0
06DE:  CLRF   19
06E0:  BTFSC  FF2.7
06E2:  BSF    19.7
06E4:  BCF    FF2.7
....................    printf(lcd_putc,"\f"); 
06E6:  MOVLW  0C
06E8:  MOVWF  43
06EA:  RCALL  026A
06EC:  BTFSC  19.7
06EE:  BSF    FF2.7
06F0:  GOTO   0920 (RETURN)
.................... } 
.................... void izq(recorrer){ 
*
076C:  CLRF   19
076E:  BTFSC  FF2.7
0770:  BSF    19.7
0772:  BCF    FF2.7
....................    lcd_gotoxy(9,1); 
0774:  MOVLW  09
0776:  MOVWF  44
0778:  MOVLW  01
077A:  MOVWF  45
077C:  RCALL  01F8
077E:  BTFSC  19.7
0780:  BSF    FF2.7
....................    printf(lcd_putc,"bajando"); 
0782:  MOVLW  E8
0784:  MOVWF  FF6
0786:  MOVLW  03
0788:  MOVWF  FF7
078A:  CLRF   19
078C:  BTFSC  FF2.7
078E:  BSF    19.7
0790:  BCF    FF2.7
0792:  RCALL  0390
0794:  BTFSC  19.7
0796:  BSF    FF2.7
....................    Output_high(pin_E1); 
0798:  BCF    F96.1
079A:  BSF    F8D.1
....................    delay_ms(recorrer*t); 
079C:  CLRF   33
079E:  CLRF   32
07A0:  CLRF   31
07A2:  MOVFF  2F,30
07A6:  MOVFF  1E,37
07AA:  MOVFF  1D,36
07AE:  MOVFF  1C,35
07B2:  MOVFF  1B,34
07B6:  RCALL  05FA
07B8:  MOVFF  03,33
07BC:  MOVFF  02,32
07C0:  MOVFF  01,31
07C4:  MOVFF  00,30
07C8:  MOVFF  01,34
07CC:  INCF   34,F
07CE:  DECF   34,F
07D0:  BTFSC  FD8.2
07D2:  BRA    07E6
07D4:  CLRF   19
07D6:  BTFSC  FF2.7
07D8:  BSF    19.7
07DA:  BCF    FF2.7
07DC:  SETF   44
07DE:  RCALL  0242
07E0:  BTFSC  19.7
07E2:  BSF    FF2.7
07E4:  BRA    07CE
07E6:  CLRF   19
07E8:  BTFSC  FF2.7
07EA:  BSF    19.7
07EC:  BCF    FF2.7
07EE:  MOVFF  30,44
07F2:  RCALL  0242
07F4:  BTFSC  19.7
07F6:  BSF    FF2.7
....................    output_low(pin_E1); 
07F8:  BCF    F96.1
07FA:  BCF    F8D.1
07FC:  CLRF   19
07FE:  BTFSC  FF2.7
0800:  BSF    19.7
0802:  BCF    FF2.7
....................    printf(lcd_putc,"\f"); 
0804:  MOVLW  0C
0806:  MOVWF  43
0808:  RCALL  026A
080A:  BTFSC  19.7
080C:  BSF    FF2.7
080E:  GOTO   0976 (RETURN)
.................... } 
.................... void main(){ 
0812:  CLRF   FF8
0814:  BCF    FD0.7
0816:  BSF    07.7
0818:  MOVLW  60
081A:  MOVWF  FD3
081C:  MOVF   FD3,W
081E:  BCF    FB8.3
0820:  MOVLW  19
0822:  MOVWF  FAF
0824:  MOVLW  A6
0826:  MOVWF  FAC
0828:  MOVLW  90
082A:  MOVWF  FAB
082C:  MOVLW  1D
082E:  MOVWF  1A
0830:  CLRF   1E
0832:  CLRF   1D
0834:  MOVLW  03
0836:  MOVWF  1C
0838:  MOVLW  E8
083A:  MOVWF  1B
083C:  CLRF   22
083E:  CLRF   21
0840:  MOVLW  13
0842:  MOVWF  20
0844:  MOVLW  88
0846:  MOVWF  1F
0848:  MOVLW  01
084A:  MOVWF  23
084C:  CLRF   25
084E:  CLRF   24
0850:  MOVLW  01
0852:  MOVWF  26
0854:  CLRF   27
0856:  CLRF   28
0858:  CLRF   29
085A:  CLRF   2A
085C:  CLRF   2B
085E:  BSF    2C.0
0860:  BCF    2C.1
0862:  CLRF   2E
0864:  CLRF   2D
0866:  MOVF   FC1,W
0868:  ANDLW  C0
086A:  IORLW  0F
086C:  MOVWF  FC1
086E:  MOVLW  07
0870:  MOVWF  FB4
....................    set_tris_A(0xff); 
0872:  MOVLW  FF
0874:  MOVWF  F92
....................    set_tris_B(0xff); 
0876:  MOVWF  F93
....................    set_tris_C(0x00); 
0878:  MOVLW  00
087A:  MOVWF  F94
....................    set_tris_D(0x00); 
087C:  MOVWF  F95
....................    set_tris_E(0x00); 
087E:  MOVWF  F96
....................    lcd_Init(); 
0880:  BRA    0420
....................    setup_timer_0(RTCC_INTERNAL | T0_DIV_256 ); 
0882:  MOVLW  87
0884:  MOVWF  FD5
....................    set_timer0(57724); 
0886:  MOVLW  E1
0888:  MOVWF  FD7
088A:  MOVLW  7C
088C:  MOVWF  FD6
....................    Enable_Interrupts(Int_TIMER0); 
088E:  BSF    FF2.5
....................    Enable_Interrupts(Int_Ext); 
0890:  BSF    FF2.4
....................    Enable_Interrupts(Global); 
0892:  MOVLW  C0
0894:  IORWF  FF2,F
....................    Ext_Int_Edge(0, L_TO_H); 
0896:  BSF    FF1.6
0898:  CLRF   19
089A:  BTFSC  FF2.7
089C:  BSF    19.7
089E:  BCF    FF2.7
....................    lcd_gotoxy(1,1); 
08A0:  MOVLW  01
08A2:  MOVWF  44
08A4:  MOVWF  45
08A6:  RCALL  01F8
08A8:  BTFSC  19.7
08AA:  BSF    FF2.7
....................    printf(lcd_putc,"Piso %i",cont); 
08AC:  MOVLW  F0
08AE:  MOVWF  FF6
08B0:  MOVLW  03
08B2:  MOVWF  FF7
08B4:  CLRF   19
08B6:  BTFSC  FF2.7
08B8:  BSF    19.7
08BA:  BCF    FF2.7
08BC:  MOVLW  05
08BE:  MOVWF  40
08C0:  RCALL  0320
08C2:  BTFSC  19.7
08C4:  BSF    FF2.7
08C6:  MOVFF  23,2F
08CA:  MOVLW  18
08CC:  MOVWF  30
08CE:  RCALL  04E4
....................    printf("comunicacion serial \n\r"); 
08D0:  MOVLW  F8
08D2:  MOVWF  FF6
08D4:  MOVLW  03
08D6:  MOVWF  FF7
08D8:  BRA    05D6
....................    while(Start){ 
08DA:  BTFSS  2C.0
08DC:  BRA    09B8
....................       if(input(pin_C0)==1){ 
08DE:  BSF    F94.0
08E0:  BTFSS  F82.0
08E2:  BRA    08EA
....................          Cro=true; 
08E4:  BSF    2C.1
....................          cont=1; 
08E6:  MOVLW  01
08E8:  MOVWF  23
....................       } 
....................       if(input(pin_C1)==1){ 
08EA:  BSF    F94.1
08EC:  BTFSS  F82.1
08EE:  BRA    08F6
....................          Cro=true; 
08F0:  BSF    2C.1
....................          cont=2; 
08F2:  MOVLW  02
08F4:  MOVWF  23
....................       } 
....................       if(input(pin_C2)==1){ 
08F6:  BSF    F94.2
08F8:  BTFSS  F82.2
08FA:  BRA    0902
....................          Cro=true; 
08FC:  BSF    2C.1
....................          cont=3; 
08FE:  MOVLW  03
0900:  MOVWF  23
....................       } 
....................       if(input(pin_C4)==1){ 
0902:  BSF    F94.4
0904:  BTFSS  F82.4
0906:  BRA    090E
....................          Cro=true; 
0908:  BSF    2C.1
....................          cont=4; 
090A:  MOVLW  04
090C:  MOVWF  23
....................       } 
....................       while(cont>actual){ 
090E:  MOVF   23,W
0910:  SUBWF  26,W
0912:  BC    0960
....................          recorrer=cont-actual; 
0914:  MOVF   26,W
0916:  SUBWF  23,W
0918:  MOVWF  27
....................          der(recorrer); 
091A:  MOVFF  27,2F
091E:  BRA    064E
0920:  CLRF   19
0922:  BTFSC  FF2.7
0924:  BSF    19.7
0926:  BCF    FF2.7
....................          lcd_gotoxy(1,1); 
0928:  MOVLW  01
092A:  MOVWF  44
092C:  MOVWF  45
092E:  RCALL  01F8
0930:  BTFSC  19.7
0932:  BSF    FF2.7
....................          printf(lcd_putc,"Piso %i",cont); 
0934:  MOVLW  10
0936:  MOVWF  FF6
0938:  MOVLW  04
093A:  MOVWF  FF7
093C:  CLRF   19
093E:  BTFSC  FF2.7
0940:  BSF    19.7
0942:  BCF    FF2.7
0944:  MOVLW  05
0946:  MOVWF  40
0948:  RCALL  0320
094A:  BTFSC  19.7
094C:  BSF    FF2.7
094E:  MOVFF  23,2F
0952:  MOVLW  18
0954:  MOVWF  30
0956:  RCALL  04E4
....................          puerta(); 
0958:  RCALL  06F4
....................          actual=cont; 
095A:  MOVFF  23,26
095E:  BRA    090E
....................       } 
....................       while(cont<actual){ 
0960:  MOVF   26,W
0962:  SUBWF  23,W
0964:  BC    09B6
....................          recorrer=-cont+actual; 
0966:  MOVLW  00
0968:  BSF    FD8.0
096A:  SUBFWB 23,W
096C:  ADDWF  26,W
096E:  MOVWF  27
....................          izq(recorrer); 
0970:  MOVFF  27,2F
0974:  BRA    076C
0976:  CLRF   19
0978:  BTFSC  FF2.7
097A:  BSF    19.7
097C:  BCF    FF2.7
....................          lcd_gotoxy(1,1); 
097E:  MOVLW  01
0980:  MOVWF  44
0982:  MOVWF  45
0984:  RCALL  01F8
0986:  BTFSC  19.7
0988:  BSF    FF2.7
....................          printf(lcd_putc,"Piso %i",cont); 
098A:  MOVLW  18
098C:  MOVWF  FF6
098E:  MOVLW  04
0990:  MOVWF  FF7
0992:  CLRF   19
0994:  BTFSC  FF2.7
0996:  BSF    19.7
0998:  BCF    FF2.7
099A:  MOVLW  05
099C:  MOVWF  40
099E:  RCALL  0320
09A0:  BTFSC  19.7
09A2:  BSF    FF2.7
09A4:  MOVFF  23,2F
09A8:  MOVLW  18
09AA:  MOVWF  30
09AC:  RCALL  04E4
....................          puerta(); 
09AE:  RCALL  06F4
....................          actual=cont;          
09B0:  MOVFF  23,26
09B4:  BRA    0960
....................       } 
09B6:  BRA    08DA
....................    } 
.................... } 
09B8:  SLEEP 

Configuration Fuses:
   Word  1: C027   PLL12 CPUDIV1 USBDIV XT FCMEN IESO
   Word  2: 1E3E   PUT BROWNOUT BORV21 VREGEN NOWDT WDT32768
   Word  3: 8700   CCP2C1 PBADEN LPT1OSC MCLR
   Word  4: 00A1   STVREN NOLVP ICSP2 NOXINST NODEBUG
   Word  5: C00F   NOPROTECT NOCPB NOCPD
   Word  6: E00F   NOWRT NOWRTC NOWRTB NOWRTD
   Word  7: 400F   NOEBTR NOEBTRB
