
ROM used:   2762/32768 (8%)
            2762/32768 (8%) including unused fragments

            1.8 Average locations per line
            11.3 Average locations per statement

RAM used:   49/2048 (2%) at main() level
            79/2048 (4%) worst case

Stack used: 13 worst case (6 in main + 7 for interrupts)
Stack size: 31

Lines Stmts  %   Files
----- ----- ---  -----
  199   145  59  main.c
    8     0   0  main.h
  852     0   0  ..\..\..\..\..\Program Files (x86)\PICC\Devices\18F4550.h
  456   100  41  ..\..\..\..\..\Program Files (x86)\PICC\Drivers\lcd.c
----- -----
 1515   245 Total

Page ROM  %  RAM    Vol Diff  Functions:
---- --- --- ---    --- ----  ----------
0     40   1    1             @delay_ms2
0     72   1    3    760  4.5  lcd_read_byte
0     82   1    2    262  3.7  lcd_read_nibble
0     62   1    1    399  2.4  lcd_send_nibble
0     70   1    3    415  3.7  lcd_send_byte
0    196   4    6    852  6.2  lcd_init
0     34   1    4    208  6.3  lcd_gotoxy
0     80   1    1    354  4.7  lcd_putc
0    258   5    1   1232  2.9  rb_isr
0     72   1    1    108  1.7  Configuracion
0     32   1    1    202  4.4  Cronometro
0     72   1    0    158  1.7  timer0
0     10   0    0             @const726
0     40   1    3             @DIV88
0    102   2    2    112  2.0  @PRINTF_U_697
0     30   1    3   1490  6.3  @PSTRINGCN_697
0     34   1    0    112  2.0  Emergencia
0     12   0    0             @const736
0     32   1    2   1490  6.3  @PSTRINGC_697
0    120   2    1    152  1.8  puerta
0    166   3    6    163  2.1  der
0     10   0    0             @const744
0     84   2   14    163  2.1  @MUL3232
0    170   3    6    163  2.1  izq
0      8   0    0   1427  6.3  @const751
0    414   7    1   1522  6.3  MAIN
0      8   0    0             @const756
0    242   4    6             @PRINTF_D_697
0      8   0    0             @const760
0      8   0    0             @const761
 Inline         0             @cinit1

Program metrics:
    Functions               21
    Statements              245
    Comments                256
    Volume (V)              19411
    Difficulty (D)          79.1
    Effort to implement (E) 1535291
    Time to implement (T)   23 hours, 42 minutes
    Est Delivered Bugs (B)  4
    Cyclomatic Complexity   32
    Maintainability (MI)    57

 Segment     Used  Free
-----------  ----  ----
00000-00002     4  0  
00004-00006     0  4  
00008-000C4   190  0  
000C6-07FFE  2568  30002  



