Compiling C:\Users\La Economia\Documentos\ProyectoMaquinas\CSS-PROYECTO\main on 23-ago.-22 at 02:08
>>> Warning 225 "C:\Program Files (x86)\PICC\Devices\18F4550.h" Line 83(15,22): Duplicate #define
>>> Warning 225 "C:\Program Files (x86)\PICC\Devices\18F4550.h" Line 84(15,22): Duplicate #define
>>> Warning 225 "C:\Program Files (x86)\PICC\Devices\18F4550.h" Line 85(15,22): Duplicate #define
>>> Warning 225 "C:\Program Files (x86)\PICC\Devices\18F4550.h" Line 86(15,22): Duplicate #define
>>> Warning 225 "C:\Program Files (x86)\PICC\Devices\18F4550.h" Line 87(15,22): Duplicate #define
>>> Warning 225 "C:\Program Files (x86)\PICC\Devices\18F4550.h" Line 88(15,22): Duplicate #define
>>> Warning 225 "C:\Program Files (x86)\PICC\Devices\18F4550.h" Line 89(15,22): Duplicate #define
>>> Warning 225 "C:\Program Files (x86)\PICC\Devices\18F4550.h" Line 91(15,22): Duplicate #define
>>> Warning 225 "C:\Program Files (x86)\PICC\Devices\18F4550.h" Line 92(15,22): Duplicate #define
>>> Warning 225 "C:\Program Files (x86)\PICC\Devices\18F4550.h" Line 93(15,22): Duplicate #define
>>> Warning 225 "C:\Program Files (x86)\PICC\Devices\18F4550.h" Line 94(15,22): Duplicate #define
>>> Warning 225 "C:\Program Files (x86)\PICC\Devices\18F4550.h" Line 95(15,22): Duplicate #define
>>> Warning 225 "C:\Program Files (x86)\PICC\Devices\18F4550.h" Line 96(15,22): Duplicate #define
>>> Warning 225 "C:\Program Files (x86)\PICC\Devices\18F4550.h" Line 97(15,22): Duplicate #define
>>> Warning 225 "C:\Program Files (x86)\PICC\Devices\18F4550.h" Line 98(15,22): Duplicate #define
>>> Warning 225 "C:\Program Files (x86)\PICC\Devices\18F4550.h" Line 100(15,22): Duplicate #define
>>> Warning 225 "C:\Program Files (x86)\PICC\Devices\18F4550.h" Line 101(15,22): Duplicate #define
>>> Warning 225 "C:\Program Files (x86)\PICC\Devices\18F4550.h" Line 102(15,22): Duplicate #define
>>> Warning 225 "C:\Program Files (x86)\PICC\Devices\18F4550.h" Line 103(15,22): Duplicate #define
>>> Warning 225 "C:\Program Files (x86)\PICC\Devices\18F4550.h" Line 104(15,22): Duplicate #define
>>> Warning 225 "C:\Program Files (x86)\PICC\Devices\18F4550.h" Line 105(15,22): Duplicate #define
>>> Warning 225 "C:\Program Files (x86)\PICC\Devices\18F4550.h" Line 106(15,22): Duplicate #define
>>> Warning 225 "C:\Program Files (x86)\PICC\Devices\18F4550.h" Line 108(15,22): Duplicate #define
>>> Warning 225 "C:\Program Files (x86)\PICC\Devices\18F4550.h" Line 109(15,22): Duplicate #define
>>> Warning 225 "C:\Program Files (x86)\PICC\Devices\18F4550.h" Line 110(15,22): Duplicate #define
>>> Warning 225 "C:\Program Files (x86)\PICC\Devices\18F4550.h" Line 111(15,22): Duplicate #define
>>> Warning 225 "C:\Program Files (x86)\PICC\Devices\18F4550.h" Line 112(15,22): Duplicate #define
>>> Warning 225 "C:\Program Files (x86)\PICC\Devices\18F4550.h" Line 113(15,22): Duplicate #define
>>> Warning 225 "C:\Program Files (x86)\PICC\Devices\18F4550.h" Line 114(15,22): Duplicate #define
>>> Warning 225 "C:\Program Files (x86)\PICC\Devices\18F4550.h" Line 115(15,22): Duplicate #define
>>> Warning 225 "C:\Program Files (x86)\PICC\Devices\18F4550.h" Line 117(15,22): Duplicate #define
>>> Warning 225 "C:\Program Files (x86)\PICC\Devices\18F4550.h" Line 118(15,22): Duplicate #define
>>> Warning 225 "C:\Program Files (x86)\PICC\Devices\18F4550.h" Line 119(15,22): Duplicate #define
>>> Warning 225 "C:\Program Files (x86)\PICC\Devices\18F4550.h" Line 120(15,22): Duplicate #define
>>> Warning 225 "C:\Program Files (x86)\PICC\Devices\18F4550.h" Line 121(15,22): Duplicate #define
>>> Warning 225 "C:\Program Files (x86)\PICC\Devices\18F4550.h" Line 124(14,16): Duplicate #define
>>> Warning 225 "C:\Program Files (x86)\PICC\Devices\18F4550.h" Line 125(13,15): Duplicate #define
>>> Warning 225 "C:\Program Files (x86)\PICC\Devices\18F4550.h" Line 127(13,18): Duplicate #define
>>> Warning 225 "C:\Program Files (x86)\PICC\Devices\18F4550.h" Line 128(16,21): Duplicate #define
>>> Warning 225 "C:\Program Files (x86)\PICC\Devices\18F4550.h" Line 130(13,19): Duplicate #define
>>> Warning 225 "C:\Program Files (x86)\PICC\Devices\18F4550.h" Line 131(14,20): Duplicate #define
>>> Warning 225 "C:\Program Files (x86)\PICC\Devices\18F4550.h" Line 132(16,22): Duplicate #define
>>> Warning 225 "C:\Program Files (x86)\PICC\Devices\18F4550.h" Line 133(13,21): Duplicate #define
>>> Warning 225 "C:\Program Files (x86)\PICC\Devices\18F4550.h" Line 134(14,22): Duplicate #define
>>> Warning 225 "C:\Program Files (x86)\PICC\Devices\18F4550.h" Line 135(14,19): Duplicate #define
>>> Warning 225 "C:\Program Files (x86)\PICC\Devices\18F4550.h" Line 136(14,19): Duplicate #define
>>> Warning 225 "C:\Program Files (x86)\PICC\Devices\18F4550.h" Line 146(20,32): Duplicate #define
>>> Warning 225 "C:\Program Files (x86)\PICC\Devices\18F4550.h" Line 147(24,32): Duplicate #define
>>> Warning 225 "C:\Program Files (x86)\PICC\Devices\18F4550.h" Line 148(22,32): Duplicate #define
>>> Warning 225 "C:\Program Files (x86)\PICC\Devices\18F4550.h" Line 149(24,32): Duplicate #define
>>> Warning 225 "C:\Program Files (x86)\PICC\Devices\18F4550.h" Line 150(25,32): Duplicate #define
>>> Warning 225 "C:\Program Files (x86)\PICC\Devices\18F4550.h" Line 151(23,32): Duplicate #define
>>> Warning 225 "C:\Program Files (x86)\PICC\Devices\18F4550.h" Line 152(26,32): Duplicate #define
>>> Warning 225 "C:\Program Files (x86)\PICC\Devices\18F4550.h" Line 155(19,39): Duplicate #define
>>> Warning 225 "C:\Program Files (x86)\PICC\Devices\18F4550.h" Line 156(19,64): Duplicate #define
>>> Warning 225 "C:\Program Files (x86)\PICC\Devices\18F4550.h" Line 170(20,27): Duplicate #define
>>> Warning 225 "C:\Program Files (x86)\PICC\Devices\18F4550.h" Line 171(22,25): Duplicate #define
>>> Warning 225 "C:\Program Files (x86)\PICC\Devices\18F4550.h" Line 172(22,25): Duplicate #define
>>> Warning 225 "C:\Program Files (x86)\PICC\Devices\18F4550.h" Line 174(17,24): Duplicate #define
>>> Warning 225 "C:\Program Files (x86)\PICC\Devices\18F4550.h" Line 175(17,24): Duplicate #define
>>> Warning 225 "C:\Program Files (x86)\PICC\Devices\18F4550.h" Line 176(17,24): Duplicate #define
>>> Warning 225 "C:\Program Files (x86)\PICC\Devices\18F4550.h" Line 177(17,24): Duplicate #define
>>> Warning 225 "C:\Program Files (x86)\PICC\Devices\18F4550.h" Line 178(18,24): Duplicate #define
>>> Warning 225 "C:\Program Files (x86)\PICC\Devices\18F4550.h" Line 179(18,24): Duplicate #define
>>> Warning 225 "C:\Program Files (x86)\PICC\Devices\18F4550.h" Line 180(18,24): Duplicate #define
>>> Warning 225 "C:\Program Files (x86)\PICC\Devices\18F4550.h" Line 181(19,24): Duplicate #define
>>> Warning 225 "C:\Program Files (x86)\PICC\Devices\18F4550.h" Line 182(19,24): Duplicate #define
>>> Warning 225 "C:\Program Files (x86)\PICC\Devices\18F4550.h" Line 184(15,29): Duplicate #define
>>> Warning 225 "C:\Program Files (x86)\PICC\Devices\18F4550.h" Line 186(17,29): Duplicate #define
>>> Warning 225 "C:\Program Files (x86)\PICC\Devices\18F4550.h" Line 190(22,28): Duplicate #define
>>> Warning 225 "C:\Program Files (x86)\PICC\Devices\18F4550.h" Line 191(24,32): Duplicate #define
>>> Warning 225 "C:\Program Files (x86)\PICC\Devices\18F4550.h" Line 192(24,27): Duplicate #define
>>> Warning 225 "C:\Program Files (x86)\PICC\Devices\18F4550.h" Line 193(19,26): Duplicate #define
>>> Warning 225 "C:\Program Files (x86)\PICC\Devices\18F4550.h" Line 194(19,26): Duplicate #define
>>> Warning 225 "C:\Program Files (x86)\PICC\Devices\18F4550.h" Line 195(19,26): Duplicate #define
>>> Warning 225 "C:\Program Files (x86)\PICC\Devices\18F4550.h" Line 196(19,26): Duplicate #define
>>> Warning 225 "C:\Program Files (x86)\PICC\Devices\18F4550.h" Line 197(20,26): Duplicate #define
>>> Warning 225 "C:\Program Files (x86)\PICC\Devices\18F4550.h" Line 198(20,26): Duplicate #define
>>> Warning 225 "C:\Program Files (x86)\PICC\Devices\18F4550.h" Line 199(20,26): Duplicate #define
>>> Warning 225 "C:\Program Files (x86)\PICC\Devices\18F4550.h" Line 200(21,26): Duplicate #define
>>> Warning 225 "C:\Program Files (x86)\PICC\Devices\18F4550.h" Line 201(21,26): Duplicate #define
>>> Warning 225 "C:\Program Files (x86)\PICC\Devices\18F4550.h" Line 202(17,31): Duplicate #define
>>> Warning 225 "C:\Program Files (x86)\PICC\Devices\18F4550.h" Line 203(19,31): Duplicate #define
>>> Warning 225 "C:\Program Files (x86)\PICC\Devices\18F4550.h" Line 217(15,28): Duplicate #define
>>> Warning 225 "C:\Program Files (x86)\PICC\Devices\18F4550.h" Line 218(16,24): Duplicate #define
>>> Warning 225 "C:\Program Files (x86)\PICC\Devices\18F4550.h" Line 220(16,27): Duplicate #define
>>> Warning 225 "C:\Program Files (x86)\PICC\Devices\18F4550.h" Line 221(16,27): Duplicate #define
>>> Warning 225 "C:\Program Files (x86)\PICC\Devices\18F4550.h" Line 222(17,27): Duplicate #define
>>> Warning 225 "C:\Program Files (x86)\PICC\Devices\18F4550.h" Line 223(17,27): Duplicate #define
>>> Warning 225 "C:\Program Files (x86)\PICC\Devices\18F4550.h" Line 224(17,27): Duplicate #define
>>> Warning 225 "C:\Program Files (x86)\PICC\Devices\18F4550.h" Line 225(18,27): Duplicate #define
>>> Warning 225 "C:\Program Files (x86)\PICC\Devices\18F4550.h" Line 226(18,27): Duplicate #define
>>> Warning 225 "C:\Program Files (x86)\PICC\Devices\18F4550.h" Line 227(18,28): Duplicate #define
>>> Warning 225 "C:\Program Files (x86)\PICC\Devices\18F4550.h" Line 228(15,28): Duplicate #define
>>> Warning 225 "C:\Program Files (x86)\PICC\Devices\18F4550.h" Line 229(15,28): Duplicate #define
>>> Warning 225 "C:\Program Files (x86)\PICC\Devices\18F4550.h" Line 230(15,28): Duplicate #define
>>> Warning 225 "C:\Program Files (x86)\PICC\Devices\18F4550.h" Line 231(15,28): Duplicate #define
>>> Warning 225 "C:\Program Files (x86)\PICC\Devices\18F4550.h" Line 232(15,28): Duplicate #define
>>> Warning 225 "C:\Program Files (x86)\PICC\Devices\18F4550.h" Line 233(16,28): Duplicate #define
>>> Warning 225 "C:\Program Files (x86)\PICC\Devices\18F4550.h" Line 234(16,28): Duplicate #define
>>> Warning 225 "C:\Program Files (x86)\PICC\Devices\18F4550.h" Line 235(17,26): Duplicate #define
>>> Warning 225 "C:\Program Files (x86)\PICC\Devices\18F4550.h" Line 245(20,30): Duplicate #define
>>> Warning 225 "C:\Program Files (x86)\PICC\Devices\18F4550.h" Line 246(20,33): Duplicate #define
>>> Warning 225 "C:\Program Files (x86)\PICC\Devices\18F4550.h" Line 247(20,33): Duplicate #define
>>> Warning 225 "C:\Program Files (x86)\PICC\Devices\18F4550.h" Line 248(25,33): Duplicate #define
>>> Warning 225 "C:\Program Files (x86)\PICC\Devices\18F4550.h" Line 250(19,30): Duplicate #define
>>> Warning 225 "C:\Program Files (x86)\PICC\Devices\18F4550.h" Line 252(20,30): Duplicate #define
>>> Warning 225 "C:\Program Files (x86)\PICC\Devices\18F4550.h" Line 253(20,33): Duplicate #define
>>> Warning 225 "C:\Program Files (x86)\PICC\Devices\18F4550.h" Line 254(20,33): Duplicate #define
>>> Warning 225 "C:\Program Files (x86)\PICC\Devices\18F4550.h" Line 255(20,33): Duplicate #define
>>> Warning 225 "C:\Program Files (x86)\PICC\Devices\18F4550.h" Line 264(20,30): Duplicate #define
>>> Warning 225 "C:\Program Files (x86)\PICC\Devices\18F4550.h" Line 265(20,30): Duplicate #define
>>> Warning 225 "C:\Program Files (x86)\PICC\Devices\18F4550.h" Line 266(20,30): Duplicate #define
>>> Warning 225 "C:\Program Files (x86)\PICC\Devices\18F4550.h" Line 267(21,31): Duplicate #define
>>> Warning 225 "C:\Program Files (x86)\PICC\Devices\18F4550.h" Line 277(20,30): Duplicate #define
>>> Warning 225 "C:\Program Files (x86)\PICC\Devices\18F4550.h" Line 278(20,33): Duplicate #define
>>> Warning 225 "C:\Program Files (x86)\PICC\Devices\18F4550.h" Line 279(20,33): Duplicate #define
>>> Warning 225 "C:\Program Files (x86)\PICC\Devices\18F4550.h" Line 280(25,33): Duplicate #define
>>> Warning 225 "C:\Program Files (x86)\PICC\Devices\18F4550.h" Line 282(20,30): Duplicate #define
>>> Warning 225 "C:\Program Files (x86)\PICC\Devices\18F4550.h" Line 283(20,33): Duplicate #define
>>> Warning 225 "C:\Program Files (x86)\PICC\Devices\18F4550.h" Line 284(20,33): Duplicate #define
>>> Warning 225 "C:\Program Files (x86)\PICC\Devices\18F4550.h" Line 285(20,33): Duplicate #define
>>> Warning 225 "C:\Program Files (x86)\PICC\Devices\18F4550.h" Line 288(22,28): Duplicate #define
>>> Warning 225 "C:\Program Files (x86)\PICC\Devices\18F4550.h" Line 289(17,27): Duplicate #define
>>> Warning 225 "C:\Program Files (x86)\PICC\Devices\18F4550.h" Line 299(16,43): Duplicate #define
>>> Warning 225 "C:\Program Files (x86)\PICC\Devices\18F4550.h" Line 300(23,46): Duplicate #define
>>> Warning 225 "C:\Program Files (x86)\PICC\Devices\18F4550.h" Line 301(23,46): Duplicate #define
>>> Warning 225 "C:\Program Files (x86)\PICC\Devices\18F4550.h" Line 302(26,46): Duplicate #define
>>> Warning 225 "C:\Program Files (x86)\PICC\Devices\18F4550.h" Line 303(27,46): Duplicate #define
>>> Warning 225 "C:\Program Files (x86)\PICC\Devices\18F4550.h" Line 304(33,46): Duplicate #define
>>> Warning 225 "C:\Program Files (x86)\PICC\Devices\18F4550.h" Line 305(33,46): Duplicate #define
>>> Warning 225 "C:\Program Files (x86)\PICC\Devices\18F4550.h" Line 306(24,55): Duplicate #define
>>> Warning 225 "C:\Program Files (x86)\PICC\Devices\18F4550.h" Line 307(35,48): Duplicate #define
>>> Warning 225 "C:\Program Files (x86)\PICC\Devices\18F4550.h" Line 308(32,54): Duplicate #define
>>> Warning 225 "C:\Program Files (x86)\PICC\Devices\18F4550.h" Line 309(16,50): Duplicate #define
>>> Warning 225 "C:\Program Files (x86)\PICC\Devices\18F4550.h" Line 310(23,55): Duplicate #define
>>> Warning 225 "C:\Program Files (x86)\PICC\Devices\18F4550.h" Line 311(23,55): Duplicate #define
>>> Warning 225 "C:\Program Files (x86)\PICC\Devices\18F4550.h" Line 312(23,55): Duplicate #define
>>> Warning 238 "C:\Program Files (x86)\PICC\Devices\18F4550.h" Line 316(2,6): Duplicate #locate
>>> Warning 238 "C:\Program Files (x86)\PICC\Devices\18F4550.h" Line 317(2,6): Duplicate #locate
>>> Warning 225 "C:\Program Files (x86)\PICC\Devices\18F4550.h" Line 319(20,45): Duplicate #define
>>> Warning 225 "C:\Program Files (x86)\PICC\Devices\18F4550.h" Line 320(20,45): Duplicate #define
>>> Warning 225 "C:\Program Files (x86)\PICC\Devices\18F4550.h" Line 321(20,45): Duplicate #define
>>> Warning 225 "C:\Program Files (x86)\PICC\Devices\18F4550.h" Line 322(20,45): Duplicate #define
>>> Warning 225 "C:\Program Files (x86)\PICC\Devices\18F4550.h" Line 324(28,45): Duplicate #define
>>> Warning 225 "C:\Program Files (x86)\PICC\Devices\18F4550.h" Line 325(32,45): Duplicate #define
>>> Warning 225 "C:\Program Files (x86)\PICC\Devices\18F4550.h" Line 326(28,45): Duplicate #define
>>> Warning 225 "C:\Program Files (x86)\PICC\Devices\18F4550.h" Line 328(30,49): Duplicate #define
>>> Warning 225 "C:\Program Files (x86)\PICC\Devices\18F4550.h" Line 329(30,49): Duplicate #define
>>> Warning 225 "C:\Program Files (x86)\PICC\Devices\18F4550.h" Line 330(29,49): Duplicate #define
>>> Warning 225 "C:\Program Files (x86)\PICC\Devices\18F4550.h" Line 331(29,49): Duplicate #define
>>> Warning 225 "C:\Program Files (x86)\PICC\Devices\18F4550.h" Line 332(35,49): Duplicate #define
>>> Warning 225 "C:\Program Files (x86)\PICC\Devices\18F4550.h" Line 333(35,49): Duplicate #define
>>> Warning 225 "C:\Program Files (x86)\PICC\Devices\18F4550.h" Line 334(34,49): Duplicate #define
>>> Warning 225 "C:\Program Files (x86)\PICC\Devices\18F4550.h" Line 336(26,49): Duplicate #define
>>> Warning 225 "C:\Program Files (x86)\PICC\Devices\18F4550.h" Line 337(26,49): Duplicate #define
>>> Warning 225 "C:\Program Files (x86)\PICC\Devices\18F4550.h" Line 338(26,49): Duplicate #define
>>> Warning 225 "C:\Program Files (x86)\PICC\Devices\18F4550.h" Line 340(26,49): Duplicate #define
>>> Warning 225 "C:\Program Files (x86)\PICC\Devices\18F4550.h" Line 341(26,49): Duplicate #define
>>> Warning 225 "C:\Program Files (x86)\PICC\Devices\18F4550.h" Line 342(26,49): Duplicate #define
>>> Warning 225 "C:\Program Files (x86)\PICC\Devices\18F4550.h" Line 344(29,53): Duplicate #define
>>> Warning 238 "C:\Program Files (x86)\PICC\Devices\18F4550.h" Line 344(9,15): Duplicate #locate
>>> Warning 238 "C:\Program Files (x86)\PICC\Devices\18F4550.h" Line 352(2,6): Duplicate #locate
>>> Warning 238 "C:\Program Files (x86)\PICC\Devices\18F4550.h" Line 353(2,6): Duplicate #locate
>>> Warning 238 "C:\Program Files (x86)\PICC\Devices\18F4550.h" Line 353(61,63): Duplicate #locate
>>> Warning 225 "C:\Program Files (x86)\PICC\Devices\18F4550.h" Line 364(20,28): Duplicate #define
>>> Warning 225 "C:\Program Files (x86)\PICC\Devices\18F4550.h" Line 365(21,25): Duplicate #define
>>> Warning 238 "C:\Program Files (x86)\PICC\Devices\18F4550.h" Line 367(19,24): Duplicate #locate
>>> Warning 225 "C:\Program Files (x86)\PICC\Devices\18F4550.h" Line 383(21,39): Duplicate #define
>>> Warning 225 "C:\Program Files (x86)\PICC\Devices\18F4550.h" Line 384(19,39): Duplicate #define
>>> Warning 225 "C:\Program Files (x86)\PICC\Devices\18F4550.h" Line 385(18,39): Duplicate #define
>>> Warning 225 "C:\Program Files (x86)\PICC\Devices\18F4550.h" Line 386(26,39): Duplicate #define
>>> Warning 225 "C:\Program Files (x86)\PICC\Devices\18F4550.h" Line 387(25,39): Duplicate #define
>>> Warning 225 "C:\Program Files (x86)\PICC\Devices\18F4550.h" Line 388(22,39): Duplicate #define
>>> Warning 225 "C:\Program Files (x86)\PICC\Devices\18F4550.h" Line 389(23,39): Duplicate #define
>>> Warning 225 "C:\Program Files (x86)\PICC\Devices\18F4550.h" Line 390(23,39): Duplicate #define
>>> Warning 225 "C:\Program Files (x86)\PICC\Devices\18F4550.h" Line 391(19,39): Duplicate #define
>>> Warning 225 "C:\Program Files (x86)\PICC\Devices\18F4550.h" Line 392(24,39): Duplicate #define
>>> Warning 225 "C:\Program Files (x86)\PICC\Devices\18F4550.h" Line 394(24,40): Duplicate #define
>>> Warning 225 "C:\Program Files (x86)\PICC\Devices\18F4550.h" Line 395(24,40): Duplicate #define
>>> Warning 225 "C:\Program Files (x86)\PICC\Devices\18F4550.h" Line 397(29,40): Duplicate #define
>>> Warning 225 "C:\Program Files (x86)\PICC\Devices\18F4550.h" Line 398(26,40): Duplicate #define
>>> Warning 225 "C:\Program Files (x86)\PICC\Devices\18F4550.h" Line 401(19,42): Duplicate #define
>>> Warning 225 "C:\Program Files (x86)\PICC\Devices\18F4550.h" Line 402(19,43): Duplicate #define
>>> Warning 225 "C:\Program Files (x86)\PICC\Devices\18F4550.h" Line 415(21,33): Duplicate #define
>>> Warning 225 "C:\Program Files (x86)\PICC\Devices\18F4550.h" Line 416(18,33): Duplicate #define
>>> Warning 225 "C:\Program Files (x86)\PICC\Devices\18F4550.h" Line 417(24,33): Duplicate #define
>>> Warning 225 "C:\Program Files (x86)\PICC\Devices\18F4550.h" Line 418(31,33): Duplicate #define
>>> Warning 225 "C:\Program Files (x86)\PICC\Devices\18F4550.h" Line 419(27,34): Duplicate #define
>>> Warning 225 "C:\Program Files (x86)\PICC\Devices\18F4550.h" Line 420(24,34): Duplicate #define
>>> Warning 225 "C:\Program Files (x86)\PICC\Devices\18F4550.h" Line 426(20,29): Duplicate #define
>>> Warning 225 "C:\Program Files (x86)\PICC\Devices\18F4550.h" Line 427(33,42): Duplicate #define
>>> Warning 225 "C:\Program Files (x86)\PICC\Devices\18F4550.h" Line 428(33,42): Duplicate #define
>>> Warning 225 "C:\Program Files (x86)\PICC\Devices\18F4550.h" Line 429(20,29): Duplicate #define
>>> Warning 225 "C:\Program Files (x86)\PICC\Devices\18F4550.h" Line 430(20,29): Duplicate #define
>>> Warning 225 "C:\Program Files (x86)\PICC\Devices\18F4550.h" Line 431(30,39): Duplicate #define
>>> Warning 225 "C:\Program Files (x86)\PICC\Devices\18F4550.h" Line 432(20,28): Duplicate #define
>>> Warning 225 "C:\Program Files (x86)\PICC\Devices\18F4550.h" Line 433(20,28): Duplicate #define
>>> Warning 225 "C:\Program Files (x86)\PICC\Devices\18F4550.h" Line 434(19,30): Duplicate #define
>>> Warning 225 "C:\Program Files (x86)\PICC\Devices\18F4550.h" Line 435(19,30): Duplicate #define
>>> Warning 238 "C:\Program Files (x86)\PICC\Devices\18F4550.h" Line 438(2,5): Duplicate #locate
>>> Warning 238 "C:\Program Files (x86)\PICC\Devices\18F4550.h" Line 438(19,21): Duplicate #locate
>>> Warning 225 "C:\Program Files (x86)\PICC\Devices\18F4550.h" Line 444(17,23): Duplicate #define
>>> Warning 225 "C:\Program Files (x86)\PICC\Devices\18F4550.h" Line 445(18,23): Duplicate #define
>>> Warning 225 "C:\Program Files (x86)\PICC\Devices\18F4550.h" Line 447(16,23): Duplicate #define
>>> Warning 225 "C:\Program Files (x86)\PICC\Devices\18F4550.h" Line 448(18,23): Duplicate #define
>>> Warning 225 "C:\Program Files (x86)\PICC\Devices\18F4550.h" Line 454(18,25): Duplicate #define
>>> Warning 225 "C:\Program Files (x86)\PICC\Devices\18F4550.h" Line 455(15,20): Duplicate #define
>>> Warning 225 "C:\Program Files (x86)\PICC\Devices\18F4550.h" Line 456(15,20): Duplicate #define
>>> Warning 225 "C:\Program Files (x86)\PICC\Devices\18F4550.h" Line 457(15,20): Duplicate #define
>>> Warning 225 "C:\Program Files (x86)\PICC\Devices\18F4550.h" Line 458(15,20): Duplicate #define
>>> Warning 225 "C:\Program Files (x86)\PICC\Devices\18F4550.h" Line 459(15,20): Duplicate #define
>>> Warning 225 "C:\Program Files (x86)\PICC\Devices\18F4550.h" Line 460(15,20): Duplicate #define
>>> Warning 225 "C:\Program Files (x86)\PICC\Devices\18F4550.h" Line 461(15,20): Duplicate #define
>>> Warning 225 "C:\Program Files (x86)\PICC\Devices\18F4550.h" Line 462(15,20): Duplicate #define
>>> Warning 225 "C:\Program Files (x86)\PICC\Devices\18F4550.h" Line 463(15,20): Duplicate #define
>>> Warning 225 "C:\Program Files (x86)\PICC\Devices\18F4550.h" Line 464(15,20): Duplicate #define
>>> Warning 225 "C:\Program Files (x86)\PICC\Devices\18F4550.h" Line 465(15,20): Duplicate #define
>>> Warning 225 "C:\Program Files (x86)\PICC\Devices\18F4550.h" Line 466(15,20): Duplicate #define
>>> Warning 225 "C:\Program Files (x86)\PICC\Devices\18F4550.h" Line 467(15,20): Duplicate #define
>>> Warning 225 "C:\Program Files (x86)\PICC\Devices\18F4550.h" Line 468(15,20): Duplicate #define
>>> Warning 225 "C:\Program Files (x86)\PICC\Devices\18F4550.h" Line 469(15,20): Duplicate #define
>>> Warning 225 "C:\Program Files (x86)\PICC\Devices\18F4550.h" Line 471(26,28): Duplicate #define
>>> Warning 225 "C:\Program Files (x86)\PICC\Devices\18F4550.h" Line 472(26,31): Duplicate #define
>>> Warning 225 "C:\Program Files (x86)\PICC\Devices\18F4550.h" Line 481(18,33): Duplicate #define
>>> Warning 225 "C:\Program Files (x86)\PICC\Devices\18F4550.h" Line 482(19,36): Duplicate #define
>>> Warning 225 "C:\Program Files (x86)\PICC\Devices\18F4550.h" Line 483(19,36): Duplicate #define
>>> Warning 225 "C:\Program Files (x86)\PICC\Devices\18F4550.h" Line 484(19,36): Duplicate #define
>>> Warning 225 "C:\Program Files (x86)\PICC\Devices\18F4550.h" Line 485(17,36): Duplicate #define
>>> Warning 225 "C:\Program Files (x86)\PICC\Devices\18F4550.h" Line 486(17,36): Duplicate #define
>>> Warning 225 "C:\Program Files (x86)\PICC\Devices\18F4550.h" Line 487(17,36): Duplicate #define
>>> Warning 225 "C:\Program Files (x86)\PICC\Devices\18F4550.h" Line 488(17,36): Duplicate #define
>>> Warning 225 "C:\Program Files (x86)\PICC\Devices\18F4550.h" Line 490(19,33): Duplicate #define
>>> Warning 225 "C:\Program Files (x86)\PICC\Devices\18F4550.h" Line 491(18,33): Duplicate #define
>>> Warning 225 "C:\Program Files (x86)\PICC\Devices\18F4550.h" Line 492(19,33): Duplicate #define
>>> Warning 225 "C:\Program Files (x86)\PICC\Devices\18F4550.h" Line 494(22,36): Duplicate #define
>>> Warning 225 "C:\Program Files (x86)\PICC\Devices\18F4550.h" Line 495(18,38): Duplicate #define
>>> Warning 225 "C:\Program Files (x86)\PICC\Devices\18F4550.h" Line 499(25,33): Duplicate #define
>>> Warning 225 "C:\Program Files (x86)\PICC\Devices\18F4550.h" Line 500(30,33): Duplicate #define
>>> Warning 225 "C:\Program Files (x86)\PICC\Devices\18F4550.h" Line 514(16,53): Duplicate #define
>>> Warning 225 "C:\Program Files (x86)\PICC\Devices\18F4550.h" Line 515(24,32): Duplicate #define
>>> Warning 225 "C:\Program Files (x86)\PICC\Devices\18F4550.h" Line 516(24,32): Duplicate #define
>>> Warning 225 "C:\Program Files (x86)\PICC\Devices\18F4550.h" Line 517(24,32): Duplicate #define
>>> Warning 225 "C:\Program Files (x86)\PICC\Devices\18F4550.h" Line 518(25,32): Duplicate #define
>>> Warning 225 "C:\Program Files (x86)\PICC\Devices\18F4550.h" Line 519(25,32): Duplicate #define
>>> Warning 225 "C:\Program Files (x86)\PICC\Devices\18F4550.h" Line 520(25,32): Duplicate #define
>>> Warning 225 "C:\Program Files (x86)\PICC\Devices\18F4550.h" Line 521(27,60): Duplicate #define
>>> Warning 225 "C:\Program Files (x86)\PICC\Devices\18F4550.h" Line 523(22,32): Duplicate #define
>>> Warning 225 "C:\Program Files (x86)\PICC\Devices\18F4550.h" Line 524(22,32): Duplicate #define
>>> Warning 225 "C:\Program Files (x86)\PICC\Devices\18F4550.h" Line 525(22,32): Duplicate #define
>>> Warning 225 "C:\Program Files (x86)\PICC\Devices\18F4550.h" Line 526(22,32): Duplicate #define
>>> Warning 225 "C:\Program Files (x86)\PICC\Devices\18F4550.h" Line 527(22,32): Duplicate #define
>>> Warning 225 "C:\Program Files (x86)\PICC\Devices\18F4550.h" Line 528(23,32): Duplicate #define
>>> Warning 225 "C:\Program Files (x86)\PICC\Devices\18F4550.h" Line 529(23,32): Duplicate #define
>>> Warning 225 "C:\Program Files (x86)\PICC\Devices\18F4550.h" Line 530(23,32): Duplicate #define
>>> Warning 225 "C:\Program Files (x86)\PICC\Devices\18F4550.h" Line 540(19,36): Duplicate #define
>>> Warning 225 "C:\Program Files (x86)\PICC\Devices\18F4550.h" Line 541(19,75): Duplicate #define
>>> Warning 225 "C:\Program Files (x86)\PICC\Devices\18F4550.h" Line 542(20,74): Duplicate #define
>>> Warning 225 "C:\Program Files (x86)\PICC\Devices\18F4550.h" Line 543(20,74): Duplicate #define
>>> Warning 225 "C:\Program Files (x86)\PICC\Devices\18F4550.h" Line 544(19,74): Duplicate #define
>>> Warning 225 "C:\Program Files (x86)\PICC\Devices\18F4550.h" Line 545(19,74): Duplicate #define
>>> Warning 225 "C:\Program Files (x86)\PICC\Devices\18F4550.h" Line 546(19,74): Duplicate #define
>>> Warning 225 "C:\Program Files (x86)\PICC\Devices\18F4550.h" Line 547(19,74): Duplicate #define
>>> Warning 225 "C:\Program Files (x86)\PICC\Devices\18F4550.h" Line 548(19,74): Duplicate #define
>>> Warning 225 "C:\Program Files (x86)\PICC\Devices\18F4550.h" Line 549(19,46): Duplicate #define
>>> Warning 225 "C:\Program Files (x86)\PICC\Devices\18F4550.h" Line 550(19,43): Duplicate #define
>>> Warning 225 "C:\Program Files (x86)\PICC\Devices\18F4550.h" Line 551(19,40): Duplicate #define
>>> Warning 225 "C:\Program Files (x86)\PICC\Devices\18F4550.h" Line 552(19,37): Duplicate #define
>>> Warning 225 "C:\Program Files (x86)\PICC\Devices\18F4550.h" Line 553(12,34): Duplicate #define
>>> Warning 225 "C:\Program Files (x86)\PICC\Devices\18F4550.h" Line 554(27,77): Duplicate #define
>>> Warning 225 "C:\Program Files (x86)\PICC\Devices\18F4550.h" Line 555(27,77): Duplicate #define
>>> Warning 225 "C:\Program Files (x86)\PICC\Devices\18F4550.h" Line 556(26,77): Duplicate #define
>>> Warning 225 "C:\Program Files (x86)\PICC\Devices\18F4550.h" Line 557(26,77): Duplicate #define
>>> Warning 225 "C:\Program Files (x86)\PICC\Devices\18F4550.h" Line 558(26,80): Duplicate #define
>>> Warning 225 "C:\Program Files (x86)\PICC\Devices\18F4550.h" Line 559(26,80): Duplicate #define
>>> Warning 225 "C:\Program Files (x86)\PICC\Devices\18F4550.h" Line 560(26,80): Duplicate #define
>>> Warning 225 "C:\Program Files (x86)\PICC\Devices\18F4550.h" Line 561(26,77): Duplicate #define
>>> Warning 225 "C:\Program Files (x86)\PICC\Devices\18F4550.h" Line 562(26,77): Duplicate #define
>>> Warning 225 "C:\Program Files (x86)\PICC\Devices\18F4550.h" Line 563(26,77): Duplicate #define
>>> Warning 225 "C:\Program Files (x86)\PICC\Devices\18F4550.h" Line 564(26,77): Duplicate #define
>>> Warning 225 "C:\Program Files (x86)\PICC\Devices\18F4550.h" Line 565(19,77): Duplicate #define
>>> Warning 225 "C:\Program Files (x86)\PICC\Devices\18F4550.h" Line 568(16,63): Duplicate #define
>>> Warning 225 "C:\Program Files (x86)\PICC\Devices\18F4550.h" Line 569(18,69): Duplicate #define
>>> Warning 225 "C:\Program Files (x86)\PICC\Devices\18F4550.h" Line 570(17,67): Duplicate #define
>>> Warning 225 "C:\Program Files (x86)\PICC\Devices\18F4550.h" Line 571(17,65): Duplicate #define
>>> Warning 225 "C:\Program Files (x86)\PICC\Devices\18F4550.h" Line 574(27,82): Duplicate #define
>>> Warning 225 "C:\Program Files (x86)\PICC\Devices\18F4550.h" Line 575(23,33): Duplicate #define
>>> Warning 225 "C:\Program Files (x86)\PICC\Devices\18F4550.h" Line 576(22,33): Duplicate #define
>>> Warning 225 "C:\Program Files (x86)\PICC\Devices\18F4550.h" Line 817(15,35): Duplicate #define
>>> Warning 225 "C:\Program Files (x86)\PICC\Devices\18F4550.h" Line 818(15,35): Duplicate #define
>>> Warning 225 "C:\Program Files (x86)\PICC\Devices\18F4550.h" Line 820(15,41): Duplicate #define
>>> Warning 225 "C:\Program Files (x86)\PICC\Devices\18F4550.h" Line 821(15,41): Duplicate #define
>>> Warning 225 "C:\Program Files (x86)\PICC\Devices\18F4550.h" Line 822(17,43): Duplicate #define
>>> Warning 225 "C:\Program Files (x86)\PICC\Devices\18F4550.h" Line 823(19,43): Duplicate #define
>>> Warning 225 "C:\Program Files (x86)\PICC\Devices\18F4550.h" Line 824(19,43): Duplicate #define
>>> Warning 225 "C:\Program Files (x86)\PICC\Devices\18F4550.h" Line 825(19,43): Duplicate #define
>>> Warning 225 "C:\Program Files (x86)\PICC\Devices\18F4550.h" Line 826(19,43): Duplicate #define
>>> Warning 225 "C:\Program Files (x86)\PICC\Devices\18F4550.h" Line 827(20,45): Duplicate #define
>>> Warning 225 "C:\Program Files (x86)\PICC\Devices\18F4550.h" Line 828(20,45): Duplicate #define
>>> Warning 225 "C:\Program Files (x86)\PICC\Devices\18F4550.h" Line 829(16,43): Duplicate #define
>>> Warning 225 "C:\Program Files (x86)\PICC\Devices\18F4550.h" Line 830(21,45): Duplicate #define
>>> Warning 225 "C:\Program Files (x86)\PICC\Devices\18F4550.h" Line 831(21,45): Duplicate #define
>>> Warning 225 "C:\Program Files (x86)\PICC\Devices\18F4550.h" Line 832(17,43): Duplicate #define
>>> Warning 225 "C:\Program Files (x86)\PICC\Devices\18F4550.h" Line 833(21,45): Duplicate #define
>>> Warning 225 "C:\Program Files (x86)\PICC\Devices\18F4550.h" Line 834(21,45): Duplicate #define
>>> Warning 225 "C:\Program Files (x86)\PICC\Devices\18F4550.h" Line 835(17,43): Duplicate #define
>>> Warning 225 "C:\Program Files (x86)\PICC\Devices\18F4550.h" Line 836(15,45): Duplicate #define
>>> Warning 225 "C:\Program Files (x86)\PICC\Devices\18F4550.h" Line 837(15,43): Duplicate #define
>>> Warning 225 "C:\Program Files (x86)\PICC\Devices\18F4550.h" Line 838(16,43): Duplicate #define
>>> Warning 225 "C:\Program Files (x86)\PICC\Devices\18F4550.h" Line 839(16,43): Duplicate #define
>>> Warning 225 "C:\Program Files (x86)\PICC\Devices\18F4550.h" Line 840(16,43): Duplicate #define
>>> Warning 225 "C:\Program Files (x86)\PICC\Devices\18F4550.h" Line 841(17,43): Duplicate #define
>>> Warning 225 "C:\Program Files (x86)\PICC\Devices\18F4550.h" Line 842(17,43): Duplicate #define
>>> Warning 225 "C:\Program Files (x86)\PICC\Devices\18F4550.h" Line 843(19,43): Duplicate #define
>>> Warning 225 "C:\Program Files (x86)\PICC\Devices\18F4550.h" Line 844(20,43): Duplicate #define
>>> Warning 225 "C:\Program Files (x86)\PICC\Devices\18F4550.h" Line 845(17,43): Duplicate #define
>>> Warning 225 "C:\Program Files (x86)\PICC\Devices\18F4550.h" Line 846(19,43): Duplicate #define
>>> Warning 225 "C:\Program Files (x86)\PICC\Devices\18F4550.h" Line 847(17,43): Duplicate #define
>>> Warning 225 "C:\Program Files (x86)\PICC\Devices\18F4550.h" Line 848(16,43): Duplicate #define
>>> Warning 225 "C:\Program Files (x86)\PICC\Devices\18F4550.h" Line 849(16,43): Duplicate #define
>>> Warning 216 "main.c" Line 198(1,2): Interrupts disabled during call to prevent re-entrancy:  (@delay_ms2)
>>> Warning 216 "main.c" Line 198(1,2): Interrupts disabled during call to prevent re-entrancy:  (lcd_send_nibble)
>>> Warning 216 "main.c" Line 198(1,2): Interrupts disabled during call to prevent re-entrancy:  (lcd_send_byte)
>>> Warning 216 "main.c" Line 198(1,2): Interrupts disabled during call to prevent re-entrancy:  (@DIV88)
>>> Warning 216 "main.c" Line 198(1,2): Interrupts disabled during call to prevent re-entrancy:  (lcd_putc)
>>> Warning 216 "main.c" Line 198(1,2): Interrupts disabled during call to prevent re-entrancy:  (lcd_gotoxy)
>>> Warning 216 "main.c" Line 198(1,2): Interrupts disabled during call to prevent re-entrancy:  (@PSTRINGC_697)
>>> Warning 216 "main.c" Line 198(1,2): Interrupts disabled during call to prevent re-entrancy:  (@PSTRINGCN_697)
>>> Warning 202 "main.c" Line 19(7,15): Variable never used:   iterador
      Memory usage:   ROM=8%      RAM=2% - 4%
      0 Errors,  329 Warnings.
Build Successful.
